vfadd_vv/test_basic_without_mask/vs1-vs2-ebits-lmul-vlen-ldins-stins_0
vfadd_vv/test_basic_without_mask/vs1-vs2-ebits-lmul-vlen-ldins-stins_1
vfadd_vv/test_basic_without_mask/vs1-vs2-ebits-lmul-vlen-ldins-stins_2
vfadd_vv/test_basic_without_mask/vs1-vs2-ebits-lmul-vlen-ldins-stins_3
vfadd_vv/test_basic_without_mask/vs1-vs2-ebits-lmul-vlen-ldins-stins_4
vfadd_vv/test_basic_without_mask/vs1-vs2-ebits-lmul-vlen-ldins-stins_5
vfadd_vv/test_basic_without_mask/vs1-vs2-ebits-lmul-vlen-ldins-stins_6
vfadd_vv/test_basic_without_mask/vs1-vs2-ebits-lmul-vlen-ldins-stins_7
vfadd_vv/test_basic_without_mask/vs1-vs2-ebits-lmul-vlen-ldins-stins_8
vfadd_vv/test_basic_without_mask/vs1-vs2-ebits-lmul-vlen-ldins-stins_9
vfadd_vv/test_basic_without_mask/vs1-vs2-ebits-lmul-vlen-ldins-stins_10
vfadd_vv/test_basic_without_mask/vs1-vs2-ebits-lmul-vlen-ldins-stins_11
vfadd_vv/test_basic_without_mask/vs1-vs2-ebits-lmul-vlen-ldins-stins_12
vfadd_vv/test_basic_without_mask/vs1-vs2-ebits-lmul-vlen-ldins-stins_13
vfadd_vv/test_basic_without_mask/vs1-vs2-ebits-lmul-vlen-ldins-stins_14
vfadd_vv/test_basic_without_mask/vs1-vs2-ebits-lmul-vlen-ldins-stins_15
vfadd_vv/test_basic_without_mask/vs1-vs2-ebits-lmul-vlen-ldins-stins_16
vfadd_vv/test_basic_without_mask/vs1-vs2-ebits-lmul-vlen-ldins-stins_17
vfadd_vv/test_basic_without_mask/vs1-vs2-ebits-lmul-vlen-ldins-stins_18
vfadd_vv/test_basic_without_mask/vs1-vs2-ebits-lmul-vlen-ldins-stins_19
vfadd_vv/test_basic_without_mask/vs1-vs2-ebits-lmul-vlen-ldins-stins_20
vfadd_vv/test_basic_without_mask/vs1-vs2-ebits-lmul-vlen-ldins-stins_21
vfadd_vv/test_basic_without_mask/vs1-vs2-ebits-lmul-vlen-ldins-stins_22
vfadd_vv/test_basic_without_mask/vs1-vs2-ebits-lmul-vlen-ldins-stins_23
vfadd_vv/test_basic_without_mask/vs1-vs2-ebits-lmul-vlen-ldins-stins_24
vfadd_vv/test_basic_without_mask/vs1-vs2-ebits-lmul-vlen-ldins-stins_25
vfadd_vv/test_basic_without_mask/vs1-vs2-ebits-lmul-vlen-ldins-stins_26
vfadd_vv/test_basic_without_mask/vs1-vs2-ebits-lmul-vlen-ldins-stins_27
vfadd_vv/test_basic_without_mask/vs1-vs2-ebits-lmul-vlen-ldins-stins_28
vfadd_vv/test_basic_without_mask/vs1-vs2-ebits-lmul-vlen-ldins-stins_29
vfadd_vv/test_basic_without_mask/vs1-vs2-ebits-lmul-vlen-ldins-stins_30
vfadd_vv/test_basic_without_mask/vs1-vs2-ebits-lmul-vlen-ldins-stins_31
vfadd_vv/test_basic_without_mask/vs1-vs2-ebits-lmul-vlen-ldins-stins_32
vfadd_vv/test_basic_without_mask/vs1-vs2-ebits-lmul-vlen-ldins-stins_33
vfadd_vv/test_basic_without_mask/vs1-vs2-ebits-lmul-vlen-ldins-stins_34
vfadd_vv/test_basic_without_mask/vs1-vs2-ebits-lmul-vlen-ldins-stins_35
vfadd_vv/test_basic_without_mask/vs1-vs2-ebits-lmul-vlen-ldins-stins_36
vfadd_vv/test_basic_without_mask/vs1-vs2-ebits-lmul-vlen-ldins-stins_37
vfadd_vv/test_basic_without_mask/vs1-vs2-ebits-lmul-vlen-ldins-stins_38
vfadd_vv/test_basic_without_mask/vs1-vs2-ebits-lmul-vlen-ldins-stins_39
vfadd_vv/test_basic_without_mask/vs1-vs2-ebits-lmul-vlen-ldins-stins_40
vfadd_vv/test_basic_without_mask/vs1-vs2-ebits-lmul-vlen-ldins-stins_41
vfadd_vv/test_basic_without_mask/vs1-vs2-ebits-lmul-vlen-ldins-stins_42
vfadd_vv/test_basic_without_mask/vs1-vs2-ebits-lmul-vlen-ldins-stins_43
vfadd_vv/test_basic_without_mask/vs1-vs2-ebits-lmul-vlen-ldins-stins_44
vfadd_vv/test_basic_without_mask/vs1-vs2-ebits-lmul-vlen-ldins-stins_45
vfadd_vv/test_basic_without_mask/vs1-vs2-ebits-lmul-vlen-ldins-stins_46
vfadd_vv/test_basic_without_mask/vs1-vs2-ebits-lmul-vlen-ldins-stins_47
vfadd_vv/test_basic_without_mask/vs1-vs2-ebits-lmul-vlen-ldins-stins_48
vfadd_vv/test_basic_without_mask/vs1-vs2-ebits-lmul-vlen-ldins-stins_49
vfadd_vv/test_basic_without_mask/vs1-vs2-ebits-lmul-vlen-ldins-stins_50
vfadd_vv/test_basic_without_mask/vs1-vs2-ebits-lmul-vlen-ldins-stins_51
vfadd_vv/test_basic_without_mask/vs1-vs2-ebits-lmul-vlen-ldins-stins_52
vfadd_vv/test_basic_without_mask/vs1-vs2-ebits-lmul-vlen-ldins-stins_53
vfadd_vv/test_basic_without_mask/vs1-vs2-ebits-lmul-vlen-ldins-stins_54
vfadd_vv/test_basic_without_mask/vs1-vs2-ebits-lmul-vlen-ldins-stins_55
vfadd_vv/test_basic_without_mask/vs1-vs2-ebits-lmul-vlen-ldins-stins_56
vfadd_vv/test_basic_without_mask/vs1-vs2-ebits-lmul-vlen-ldins-stins_57
vfadd_vv/test_basic_without_mask/vs1-vs2-ebits-lmul-vlen-ldins-stins_58
vfadd_vv/test_basic_without_mask/vs1-vs2-ebits-lmul-vlen-ldins-stins_59
vfadd_vv/test_basic_without_mask_regression/vs1-vs2-ebits-lmul-vlen-ldins-stins_0
vfadd_vv/test_basic_without_mask_regression/vs1-vs2-ebits-lmul-vlen-ldins-stins_1
vfadd_vv/test_basic_without_mask_regression/vs1-vs2-ebits-lmul-vlen-ldins-stins_2
vfadd_vv/test_basic_without_mask_regression/vs1-vs2-ebits-lmul-vlen-ldins-stins_3
vfadd_vv/test_basic_without_mask_regression/vs1-vs2-ebits-lmul-vlen-ldins-stins_4
vfadd_vv/test_basic_without_mask_regression/vs1-vs2-ebits-lmul-vlen-ldins-stins_5
vfadd_vv/test_basic_without_mask_regression/vs1-vs2-ebits-lmul-vlen-ldins-stins_6
vfadd_vv/test_basic_without_mask_regression/vs1-vs2-ebits-lmul-vlen-ldins-stins_7
vfadd_vv/test_basic_without_mask_regression/vs1-vs2-ebits-lmul-vlen-ldins-stins_8
vfadd_vv/test_basic_without_mask_regression/vs1-vs2-ebits-lmul-vlen-ldins-stins_9
vfadd_vv/test_basic_without_mask_regression/vs1-vs2-ebits-lmul-vlen-ldins-stins_10
vfadd_vv/test_basic_without_mask_regression/vs1-vs2-ebits-lmul-vlen-ldins-stins_11
vfadd_vv/test_basic_without_mask_regression/vs1-vs2-ebits-lmul-vlen-ldins-stins_12
vfadd_vv/test_basic_without_mask_regression/vs1-vs2-ebits-lmul-vlen-ldins-stins_13
vfadd_vv/test_basic_without_mask_regression/vs1-vs2-ebits-lmul-vlen-ldins-stins_14
vfadd_vv/test_special_without_mask/vs1-vs2-ebits-lmul-vlen-ldins-stins_0
vfadd_vv/test_special_without_mask/vs1-vs2-ebits-lmul-vlen-ldins-stins_1
vfadd_vv/test_special_without_mask/vs1-vs2-ebits-lmul-vlen-ldins-stins_2
vfadd_vv/test_vta_eq_tu_without_mask/vs1-vs2-orig-ebits-lmul-vlen-ldins-stins_0
vfadd_vv/test_vta_eq_tu_without_mask/vs1-vs2-orig-ebits-lmul-vlen-ldins-stins_1
vfadd_vv/test_vta_eq_tu_without_mask/vs1-vs2-orig-ebits-lmul-vlen-ldins-stins_2
vfadd_vv/test_vta_eq_tu_without_mask/vs1-vs2-orig-ebits-lmul-vlen-ldins-stins_3
vfadd_vv/test_vta_eq_tu_without_mask/vs1-vs2-orig-ebits-lmul-vlen-ldins-stins_4
vfadd_vv/test_vta_eq_tu_without_mask/vs1-vs2-orig-ebits-lmul-vlen-ldins-stins_5
vfadd_vv/test_vta_eq_tu_without_mask/vs1-vs2-orig-ebits-lmul-vlen-ldins-stins_6
vfadd_vv/test_vta_eq_tu_without_mask/vs1-vs2-orig-ebits-lmul-vlen-ldins-stins_7
vfadd_vv/test_vta_eq_tu_without_mask/vs1-vs2-orig-ebits-lmul-vlen-ldins-stins_8
vfadd_vv/test_vta_eq_tu_without_mask/vs1-vs2-orig-ebits-lmul-vlen-ldins-stins_9
vfadd_vv/test_vta_eq_tu_without_mask/vs1-vs2-orig-ebits-lmul-vlen-ldins-stins_10
vfadd_vv/test_vta_eq_tu_without_mask/vs1-vs2-orig-ebits-lmul-vlen-ldins-stins_11
vfadd_vv/test_vta_eq_tu_without_mask/vs1-vs2-orig-ebits-lmul-vlen-ldins-stins_12
vfadd_vv/test_vta_eq_tu_without_mask/vs1-vs2-orig-ebits-lmul-vlen-ldins-stins_13
vfadd_vv/test_vta_eq_tu_without_mask/vs1-vs2-orig-ebits-lmul-vlen-ldins-stins_14
vfadd_vv/test_rounding_mode_without_mask/vs1-vs2-ebits-lmul-vlen-ldins-stins-frm_0
vfadd_vv/test_rounding_mode_without_mask/vs1-vs2-ebits-lmul-vlen-ldins-stins-frm_1
vfadd_vv/test_rounding_mode_without_mask/vs1-vs2-ebits-lmul-vlen-ldins-stins-frm_2
vfadd_vv/test_rounding_mode_without_mask/vs1-vs2-ebits-lmul-vlen-ldins-stins-frm_3
vfadd_vv/test_rounding_mode_without_mask/vs1-vs2-ebits-lmul-vlen-ldins-stins-frm_4
vfadd_vv/test_rounding_mode_without_mask/vs1-vs2-ebits-lmul-vlen-ldins-stins-frm_5
vfadd_vv/test_rounding_mode_without_mask/vs1-vs2-ebits-lmul-vlen-ldins-stins-frm_6
vfadd_vv/test_rounding_mode_without_mask/vs1-vs2-ebits-lmul-vlen-ldins-stins-frm_7
vfadd_vv/test_rounding_mode_without_mask/vs1-vs2-ebits-lmul-vlen-ldins-stins-frm_8
vfadd_vv/test_rounding_mode_without_mask/vs1-vs2-ebits-lmul-vlen-ldins-stins-frm_9
vfadd_vv/test_rounding_mode_without_mask/vs1-vs2-ebits-lmul-vlen-ldins-stins-frm_10
vfadd_vv/test_rounding_mode_without_mask/vs1-vs2-ebits-lmul-vlen-ldins-stins-frm_11
vfadd_vv/test_rounding_mode_without_mask/vs1-vs2-ebits-lmul-vlen-ldins-stins-frm_12
vfadd_vv/test_rounding_mode_without_mask/vs1-vs2-ebits-lmul-vlen-ldins-stins-frm_13
vfadd_vv/test_rounding_mode_without_mask/vs1-vs2-ebits-lmul-vlen-ldins-stins-frm_14
vfadd_vv/test_vs1_eq_vs2_without_mask/vs1-ebits-lmul-vlen-ldins-stins-vs1_name-vd_name_0
vfadd_vv/test_vs1_eq_vs2_without_mask/vs1-ebits-lmul-vlen-ldins-stins-vs1_name-vd_name_1
vfadd_vv/test_vs1_eq_vs2_without_mask/vs1-ebits-lmul-vlen-ldins-stins-vs1_name-vd_name_2
vfadd_vv/test_vs1_eq_vs2_without_mask/vs1-ebits-lmul-vlen-ldins-stins-vs1_name-vd_name_3
vfadd_vv/test_vs1_eq_vs2_without_mask/vs1-ebits-lmul-vlen-ldins-stins-vs1_name-vd_name_4
vfadd_vv/test_vs1_eq_vs2_without_mask/vs1-ebits-lmul-vlen-ldins-stins-vs1_name-vd_name_5
vfadd_vv/test_vs1_eq_vs2_without_mask/vs1-ebits-lmul-vlen-ldins-stins-vs1_name-vd_name_6
vfadd_vv/test_vs1_eq_vs2_without_mask/vs1-ebits-lmul-vlen-ldins-stins-vs1_name-vd_name_7
vfadd_vv/test_vs1_eq_vs2_without_mask/vs1-ebits-lmul-vlen-ldins-stins-vs1_name-vd_name_8
vfadd_vv/test_vs1_eq_vs2_without_mask/vs1-ebits-lmul-vlen-ldins-stins-vs1_name-vd_name_9
vfadd_vv/test_vs1_eq_vs2_without_mask/vs1-ebits-lmul-vlen-ldins-stins-vs1_name-vd_name_10
vfadd_vv/test_vs1_eq_vs2_without_mask/vs1-ebits-lmul-vlen-ldins-stins-vs1_name-vd_name_11
vfadd_vv/test_vs1_eq_vs2_without_mask/vs1-ebits-lmul-vlen-ldins-stins-vs1_name-vd_name_12
vfadd_vv/test_vs1_eq_vs2_without_mask/vs1-ebits-lmul-vlen-ldins-stins-vs1_name-vd_name_13
vfadd_vv/test_vs1_eq_vs2_without_mask/vs1-ebits-lmul-vlen-ldins-stins-vs1_name-vd_name_14
vfadd_vv/test_dest_eq_vs1_without_mask/vs1-vs2-ebits-lmul-vlen-ldins-stins-vs1_name-vs2_name_0
vfadd_vv/test_dest_eq_vs1_without_mask/vs1-vs2-ebits-lmul-vlen-ldins-stins-vs1_name-vs2_name_1
vfadd_vv/test_dest_eq_vs1_without_mask/vs1-vs2-ebits-lmul-vlen-ldins-stins-vs1_name-vs2_name_2
vfadd_vv/test_dest_eq_vs1_without_mask/vs1-vs2-ebits-lmul-vlen-ldins-stins-vs1_name-vs2_name_3
vfadd_vv/test_dest_eq_vs1_without_mask/vs1-vs2-ebits-lmul-vlen-ldins-stins-vs1_name-vs2_name_4
vfadd_vv/test_dest_eq_vs1_without_mask/vs1-vs2-ebits-lmul-vlen-ldins-stins-vs1_name-vs2_name_5
vfadd_vv/test_dest_eq_vs1_without_mask/vs1-vs2-ebits-lmul-vlen-ldins-stins-vs1_name-vs2_name_6
vfadd_vv/test_dest_eq_vs1_without_mask/vs1-vs2-ebits-lmul-vlen-ldins-stins-vs1_name-vs2_name_7
vfadd_vv/test_dest_eq_vs1_without_mask/vs1-vs2-ebits-lmul-vlen-ldins-stins-vs1_name-vs2_name_8
vfadd_vv/test_dest_eq_vs1_without_mask/vs1-vs2-ebits-lmul-vlen-ldins-stins-vs1_name-vs2_name_9
vfadd_vv/test_dest_eq_vs1_without_mask/vs1-vs2-ebits-lmul-vlen-ldins-stins-vs1_name-vs2_name_10
vfadd_vv/test_dest_eq_vs1_without_mask/vs1-vs2-ebits-lmul-vlen-ldins-stins-vs1_name-vs2_name_11
vfadd_vv/test_dest_eq_vs1_without_mask/vs1-vs2-ebits-lmul-vlen-ldins-stins-vs1_name-vs2_name_12
vfadd_vv/test_dest_eq_vs1_without_mask/vs1-vs2-ebits-lmul-vlen-ldins-stins-vs1_name-vs2_name_13
vfadd_vv/test_dest_eq_vs1_without_mask/vs1-vs2-ebits-lmul-vlen-ldins-stins-vs1_name-vs2_name_14
vfadd_vv/test_dest_eq_vs2_without_mask/vs1-vs2-ebits-lmul-vlen-ldins-stins-vs1_name-vs2_name_0
vfadd_vv/test_dest_eq_vs2_without_mask/vs1-vs2-ebits-lmul-vlen-ldins-stins-vs1_name-vs2_name_1
vfadd_vv/test_dest_eq_vs2_without_mask/vs1-vs2-ebits-lmul-vlen-ldins-stins-vs1_name-vs2_name_2
vfadd_vv/test_dest_eq_vs2_without_mask/vs1-vs2-ebits-lmul-vlen-ldins-stins-vs1_name-vs2_name_3
vfadd_vv/test_dest_eq_vs2_without_mask/vs1-vs2-ebits-lmul-vlen-ldins-stins-vs1_name-vs2_name_4
vfadd_vv/test_dest_eq_vs2_without_mask/vs1-vs2-ebits-lmul-vlen-ldins-stins-vs1_name-vs2_name_5
vfadd_vv/test_dest_eq_vs2_without_mask/vs1-vs2-ebits-lmul-vlen-ldins-stins-vs1_name-vs2_name_6
vfadd_vv/test_dest_eq_vs2_without_mask/vs1-vs2-ebits-lmul-vlen-ldins-stins-vs1_name-vs2_name_7
vfadd_vv/test_dest_eq_vs2_without_mask/vs1-vs2-ebits-lmul-vlen-ldins-stins-vs1_name-vs2_name_8
vfadd_vv/test_dest_eq_vs2_without_mask/vs1-vs2-ebits-lmul-vlen-ldins-stins-vs1_name-vs2_name_9
vfadd_vv/test_dest_eq_vs2_without_mask/vs1-vs2-ebits-lmul-vlen-ldins-stins-vs1_name-vs2_name_10
vfadd_vv/test_dest_eq_vs2_without_mask/vs1-vs2-ebits-lmul-vlen-ldins-stins-vs1_name-vs2_name_11
vfadd_vv/test_dest_eq_vs2_without_mask/vs1-vs2-ebits-lmul-vlen-ldins-stins-vs1_name-vs2_name_12
vfadd_vv/test_dest_eq_vs2_without_mask/vs1-vs2-ebits-lmul-vlen-ldins-stins-vs1_name-vs2_name_13
vfadd_vv/test_dest_eq_vs2_without_mask/vs1-vs2-ebits-lmul-vlen-ldins-stins-vs1_name-vs2_name_14
vfadd_vv/test_dest_eq_vs1vs2_without_mask/vs1-ebits-lmul-vlen-ldins-stins-vs1_name_0
vfadd_vv/test_dest_eq_vs1vs2_without_mask/vs1-ebits-lmul-vlen-ldins-stins-vs1_name_1
vfadd_vv/test_dest_eq_vs1vs2_without_mask/vs1-ebits-lmul-vlen-ldins-stins-vs1_name_2
vfadd_vv/test_dest_eq_vs1vs2_without_mask/vs1-ebits-lmul-vlen-ldins-stins-vs1_name_3
vfadd_vv/test_dest_eq_vs1vs2_without_mask/vs1-ebits-lmul-vlen-ldins-stins-vs1_name_4
vfadd_vv/test_dest_eq_vs1vs2_without_mask/vs1-ebits-lmul-vlen-ldins-stins-vs1_name_5
vfadd_vv/test_dest_eq_vs1vs2_without_mask/vs1-ebits-lmul-vlen-ldins-stins-vs1_name_6
vfadd_vv/test_dest_eq_vs1vs2_without_mask/vs1-ebits-lmul-vlen-ldins-stins-vs1_name_7
vfadd_vv/test_dest_eq_vs1vs2_without_mask/vs1-ebits-lmul-vlen-ldins-stins-vs1_name_8
vfadd_vv/test_dest_eq_vs1vs2_without_mask/vs1-ebits-lmul-vlen-ldins-stins-vs1_name_9
vfadd_vv/test_dest_eq_vs1vs2_without_mask/vs1-ebits-lmul-vlen-ldins-stins-vs1_name_10
vfadd_vv/test_dest_eq_vs1vs2_without_mask/vs1-ebits-lmul-vlen-ldins-stins-vs1_name_11
vfadd_vv/test_dest_eq_vs1vs2_without_mask/vs1-ebits-lmul-vlen-ldins-stins-vs1_name_12
vfadd_vv/test_dest_eq_vs1vs2_without_mask/vs1-ebits-lmul-vlen-ldins-stins-vs1_name_13
vfadd_vv/test_dest_eq_vs1vs2_without_mask/vs1-ebits-lmul-vlen-ldins-stins-vs1_name_14
vfadd_vv/test_basic_with_mask/vs1-vs2-mask-ebits-lmul-vlen-ldins-stins_0
vfadd_vv/test_basic_with_mask/vs1-vs2-mask-ebits-lmul-vlen-ldins-stins_1
vfadd_vv/test_basic_with_mask/vs1-vs2-mask-ebits-lmul-vlen-ldins-stins_2
vfadd_vv/test_basic_with_mask/vs1-vs2-mask-ebits-lmul-vlen-ldins-stins_3
vfadd_vv/test_basic_with_mask/vs1-vs2-mask-ebits-lmul-vlen-ldins-stins_4
vfadd_vv/test_basic_with_mask/vs1-vs2-mask-ebits-lmul-vlen-ldins-stins_5
vfadd_vv/test_basic_with_mask/vs1-vs2-mask-ebits-lmul-vlen-ldins-stins_6
vfadd_vv/test_basic_with_mask/vs1-vs2-mask-ebits-lmul-vlen-ldins-stins_7
vfadd_vv/test_basic_with_mask/vs1-vs2-mask-ebits-lmul-vlen-ldins-stins_8
vfadd_vv/test_basic_with_mask/vs1-vs2-mask-ebits-lmul-vlen-ldins-stins_9
vfadd_vv/test_basic_with_mask/vs1-vs2-mask-ebits-lmul-vlen-ldins-stins_10
vfadd_vv/test_basic_with_mask/vs1-vs2-mask-ebits-lmul-vlen-ldins-stins_11
vfadd_vv/test_basic_with_mask/vs1-vs2-mask-ebits-lmul-vlen-ldins-stins_12
vfadd_vv/test_basic_with_mask/vs1-vs2-mask-ebits-lmul-vlen-ldins-stins_13
vfadd_vv/test_basic_with_mask/vs1-vs2-mask-ebits-lmul-vlen-ldins-stins_14
vfadd_vv/test_basic_with_mask_mu/vs1-vs2-orig-mask-ebits-lmul-vlen-ldins-stins_0
vfadd_vv/test_basic_with_mask_mu/vs1-vs2-orig-mask-ebits-lmul-vlen-ldins-stins_1
vfadd_vv/test_basic_with_mask_mu/vs1-vs2-orig-mask-ebits-lmul-vlen-ldins-stins_2
vfadd_vv/test_basic_with_mask_mu/vs1-vs2-orig-mask-ebits-lmul-vlen-ldins-stins_3
vfadd_vv/test_basic_with_mask_mu/vs1-vs2-orig-mask-ebits-lmul-vlen-ldins-stins_4
vfadd_vv/test_basic_with_mask_mu/vs1-vs2-orig-mask-ebits-lmul-vlen-ldins-stins_5
vfadd_vv/test_basic_with_mask_mu/vs1-vs2-orig-mask-ebits-lmul-vlen-ldins-stins_6
vfadd_vv/test_basic_with_mask_mu/vs1-vs2-orig-mask-ebits-lmul-vlen-ldins-stins_7
vfadd_vv/test_basic_with_mask_mu/vs1-vs2-orig-mask-ebits-lmul-vlen-ldins-stins_8
vfadd_vv/test_basic_with_mask_mu/vs1-vs2-orig-mask-ebits-lmul-vlen-ldins-stins_9
vfadd_vv/test_basic_with_mask_mu/vs1-vs2-orig-mask-ebits-lmul-vlen-ldins-stins_10
vfadd_vv/test_basic_with_mask_mu/vs1-vs2-orig-mask-ebits-lmul-vlen-ldins-stins_11
vfadd_vv/test_basic_with_mask_mu/vs1-vs2-orig-mask-ebits-lmul-vlen-ldins-stins_12
vfadd_vv/test_basic_with_mask_mu/vs1-vs2-orig-mask-ebits-lmul-vlen-ldins-stins_13
vfadd_vv/test_basic_with_mask_mu/vs1-vs2-orig-mask-ebits-lmul-vlen-ldins-stins_14
vfadd_vv/test_vstart_not_eq_zero_without_mask/vs1-vs2-orig-ebits-lmul-vlen-ldins-stins-vstart_0
vfadd_vv/test_vstart_not_eq_zero_without_mask/vs1-vs2-orig-ebits-lmul-vlen-ldins-stins-vstart_1
vfadd_vv/test_vstart_not_eq_zero_without_mask/vs1-vs2-orig-ebits-lmul-vlen-ldins-stins-vstart_2
vfadd_vv/test_vstart_not_eq_zero_without_mask/vs1-vs2-orig-ebits-lmul-vlen-ldins-stins-vstart_3
vfadd_vv/test_vstart_not_eq_zero_without_mask/vs1-vs2-orig-ebits-lmul-vlen-ldins-stins-vstart_4
vfadd_vv/test_vstart_not_eq_zero_without_mask/vs1-vs2-orig-ebits-lmul-vlen-ldins-stins-vstart_5
vfadd_vv/test_vstart_not_eq_zero_without_mask/vs1-vs2-orig-ebits-lmul-vlen-ldins-stins-vstart_6
vfadd_vv/test_vstart_not_eq_zero_without_mask/vs1-vs2-orig-ebits-lmul-vlen-ldins-stins-vstart_7
vfadd_vv/test_vstart_not_eq_zero_without_mask/vs1-vs2-orig-ebits-lmul-vlen-ldins-stins-vstart_8
vfadd_vv/test_vstart_not_eq_zero_without_mask/vs1-vs2-orig-ebits-lmul-vlen-ldins-stins-vstart_9
vfadd_vv/test_vstart_not_eq_zero_without_mask/vs1-vs2-orig-ebits-lmul-vlen-ldins-stins-vstart_10
vfadd_vv/test_vstart_not_eq_zero_without_mask/vs1-vs2-orig-ebits-lmul-vlen-ldins-stins-vstart_11
vfadd_vv/test_vstart_not_eq_zero_without_mask/vs1-vs2-orig-ebits-lmul-vlen-ldins-stins-vstart_12
vfadd_vv/test_vstart_not_eq_zero_without_mask/vs1-vs2-orig-ebits-lmul-vlen-ldins-stins-vstart_13
vfadd_vv/test_vstart_not_eq_zero_without_mask/vs1-vs2-orig-ebits-lmul-vlen-ldins-stins-vstart_14
vfadd_vv/test_vstart_not_eq_zero_with_mask/vs1-vs2-orig-mask-ebits-lmul-vlen-ldins-stins-vstart_0
vfadd_vv/test_vstart_not_eq_zero_with_mask/vs1-vs2-orig-mask-ebits-lmul-vlen-ldins-stins-vstart_1
vfadd_vv/test_vstart_not_eq_zero_with_mask/vs1-vs2-orig-mask-ebits-lmul-vlen-ldins-stins-vstart_2
vfadd_vv/test_vstart_not_eq_zero_with_mask/vs1-vs2-orig-mask-ebits-lmul-vlen-ldins-stins-vstart_3
vfadd_vv/test_vstart_not_eq_zero_with_mask/vs1-vs2-orig-mask-ebits-lmul-vlen-ldins-stins-vstart_4
vfadd_vv/test_vstart_not_eq_zero_with_mask/vs1-vs2-orig-mask-ebits-lmul-vlen-ldins-stins-vstart_5
vfadd_vv/test_vstart_not_eq_zero_with_mask/vs1-vs2-orig-mask-ebits-lmul-vlen-ldins-stins-vstart_6
vfadd_vv/test_vstart_not_eq_zero_with_mask/vs1-vs2-orig-mask-ebits-lmul-vlen-ldins-stins-vstart_7
vfadd_vv/test_vstart_not_eq_zero_with_mask/vs1-vs2-orig-mask-ebits-lmul-vlen-ldins-stins-vstart_8
vfadd_vv/test_vstart_not_eq_zero_with_mask/vs1-vs2-orig-mask-ebits-lmul-vlen-ldins-stins-vstart_9
vfadd_vv/test_vstart_not_eq_zero_with_mask/vs1-vs2-orig-mask-ebits-lmul-vlen-ldins-stins-vstart_10
vfadd_vv/test_vstart_not_eq_zero_with_mask/vs1-vs2-orig-mask-ebits-lmul-vlen-ldins-stins-vstart_11
vfadd_vv/test_vstart_not_eq_zero_with_mask/vs1-vs2-orig-mask-ebits-lmul-vlen-ldins-stins-vstart_12
vfadd_vv/test_vstart_not_eq_zero_with_mask/vs1-vs2-orig-mask-ebits-lmul-vlen-ldins-stins-vstart_13
vfadd_vv/test_vstart_not_eq_zero_with_mask/vs1-vs2-orig-mask-ebits-lmul-vlen-ldins-stins-vstart_14
vfadd_vv/test_exception_wrong_sew_without_mask/sew-lmul-vlen_0
vfadd_vv/test_exception_wrong_sew_without_mask/sew-lmul-vlen_1
vfadd_vv/test_exception_wrong_sew_without_mask/sew-lmul-vlen_2
vfadd_vv/test_exception_wrong_sew_without_mask/sew-lmul-vlen_3
vfadd_vv/test_exception_wrong_sew_without_mask/sew-lmul-vlen_4
vfadd_vv/test_exception_wrong_sew_without_mask/sew-lmul-vlen_5
vfadd_vv/test_exception_wrong_sew_without_mask/sew-lmul-vlen_6
vfadd_vv/test_exception_wrong_sew_without_mask/sew-lmul-vlen_7
vfadd_vv/test_exception_wrong_sew_without_mask/sew-lmul-vlen_8
vfadd_vv/test_exception_wrong_sew_without_mask/sew-lmul-vlen_9
vfadd_vv/test_exception_wrong_sew_without_mask/sew-lmul-vlen_10
vfadd_vv/test_exception_wrong_sew_without_mask/sew-lmul-vlen_11
vfadd_vv/test_exception_wrong_sew_without_mask/sew-lmul-vlen_12
vfadd_vv/test_exception_wrong_sew_without_mask/sew-lmul-vlen_13
vfadd_vv/test_exception_wrong_sew_without_mask/sew-lmul-vlen_14
vfadd_vv/test_exception_lmul_vreg_no_without_mask/ebits-lmul-vlen-vs1_name-vs2_name-vd_name_0
vfadd_vv/test_exception_lmul_vreg_no_without_mask/ebits-lmul-vlen-vs1_name-vs2_name-vd_name_1
vfadd_vv/test_exception_lmul_vreg_no_without_mask/ebits-lmul-vlen-vs1_name-vs2_name-vd_name_2
vfadd_vv/test_exception_lmul_vreg_no_without_mask/ebits-lmul-vlen-vs1_name-vs2_name-vd_name_3
vfadd_vv/test_exception_lmul_vreg_no_without_mask/ebits-lmul-vlen-vs1_name-vs2_name-vd_name_4
vfadd_vv/test_exception_lmul_vreg_no_without_mask/ebits-lmul-vlen-vs1_name-vs2_name-vd_name_5
vfadd_vv/test_exception_lmul_vreg_no_without_mask/ebits-lmul-vlen-vs1_name-vs2_name-vd_name_6
vfadd_vv/test_exception_lmul_vreg_no_without_mask/ebits-lmul-vlen-vs1_name-vs2_name-vd_name_7
vfadd_vv/test_exception_lmul_vreg_no_without_mask/ebits-lmul-vlen-vs1_name-vs2_name-vd_name_8
vfsub_vv/test_basic_without_mask/vs1-vs2-ebits-lmul-vlen-ldins-stins_0
vfsub_vv/test_basic_without_mask/vs1-vs2-ebits-lmul-vlen-ldins-stins_1
vfsub_vv/test_basic_without_mask/vs1-vs2-ebits-lmul-vlen-ldins-stins_2
vfsub_vv/test_basic_without_mask/vs1-vs2-ebits-lmul-vlen-ldins-stins_3
vfsub_vv/test_basic_without_mask/vs1-vs2-ebits-lmul-vlen-ldins-stins_4
vfsub_vv/test_basic_without_mask/vs1-vs2-ebits-lmul-vlen-ldins-stins_5
vfsub_vv/test_basic_without_mask/vs1-vs2-ebits-lmul-vlen-ldins-stins_6
vfsub_vv/test_basic_without_mask/vs1-vs2-ebits-lmul-vlen-ldins-stins_7
vfsub_vv/test_basic_without_mask/vs1-vs2-ebits-lmul-vlen-ldins-stins_8
vfsub_vv/test_basic_without_mask/vs1-vs2-ebits-lmul-vlen-ldins-stins_9
vfsub_vv/test_basic_without_mask/vs1-vs2-ebits-lmul-vlen-ldins-stins_10
vfsub_vv/test_basic_without_mask/vs1-vs2-ebits-lmul-vlen-ldins-stins_11
vfsub_vv/test_basic_without_mask/vs1-vs2-ebits-lmul-vlen-ldins-stins_12
vfsub_vv/test_basic_without_mask/vs1-vs2-ebits-lmul-vlen-ldins-stins_13
vfsub_vv/test_basic_without_mask/vs1-vs2-ebits-lmul-vlen-ldins-stins_14
vfsub_vv/test_basic_without_mask/vs1-vs2-ebits-lmul-vlen-ldins-stins_15
vfsub_vv/test_basic_without_mask/vs1-vs2-ebits-lmul-vlen-ldins-stins_16
vfsub_vv/test_basic_without_mask/vs1-vs2-ebits-lmul-vlen-ldins-stins_17
vfsub_vv/test_basic_without_mask/vs1-vs2-ebits-lmul-vlen-ldins-stins_18
vfsub_vv/test_basic_without_mask/vs1-vs2-ebits-lmul-vlen-ldins-stins_19
vfsub_vv/test_basic_without_mask/vs1-vs2-ebits-lmul-vlen-ldins-stins_20
vfsub_vv/test_basic_without_mask/vs1-vs2-ebits-lmul-vlen-ldins-stins_21
vfsub_vv/test_basic_without_mask/vs1-vs2-ebits-lmul-vlen-ldins-stins_22
vfsub_vv/test_basic_without_mask/vs1-vs2-ebits-lmul-vlen-ldins-stins_23
vfsub_vv/test_basic_without_mask/vs1-vs2-ebits-lmul-vlen-ldins-stins_24
vfsub_vv/test_basic_without_mask/vs1-vs2-ebits-lmul-vlen-ldins-stins_25
vfsub_vv/test_basic_without_mask/vs1-vs2-ebits-lmul-vlen-ldins-stins_26
vfsub_vv/test_basic_without_mask/vs1-vs2-ebits-lmul-vlen-ldins-stins_27
vfsub_vv/test_basic_without_mask/vs1-vs2-ebits-lmul-vlen-ldins-stins_28
vfsub_vv/test_basic_without_mask/vs1-vs2-ebits-lmul-vlen-ldins-stins_29
vfsub_vv/test_basic_without_mask/vs1-vs2-ebits-lmul-vlen-ldins-stins_30
vfsub_vv/test_basic_without_mask/vs1-vs2-ebits-lmul-vlen-ldins-stins_31
vfsub_vv/test_basic_without_mask/vs1-vs2-ebits-lmul-vlen-ldins-stins_32
vfsub_vv/test_basic_without_mask/vs1-vs2-ebits-lmul-vlen-ldins-stins_33
vfsub_vv/test_basic_without_mask/vs1-vs2-ebits-lmul-vlen-ldins-stins_34
vfsub_vv/test_basic_without_mask/vs1-vs2-ebits-lmul-vlen-ldins-stins_35
vfsub_vv/test_basic_without_mask/vs1-vs2-ebits-lmul-vlen-ldins-stins_36
vfsub_vv/test_basic_without_mask/vs1-vs2-ebits-lmul-vlen-ldins-stins_37
vfsub_vv/test_basic_without_mask/vs1-vs2-ebits-lmul-vlen-ldins-stins_38
vfsub_vv/test_basic_without_mask/vs1-vs2-ebits-lmul-vlen-ldins-stins_39
vfsub_vv/test_basic_without_mask/vs1-vs2-ebits-lmul-vlen-ldins-stins_40
vfsub_vv/test_basic_without_mask/vs1-vs2-ebits-lmul-vlen-ldins-stins_41
vfsub_vv/test_basic_without_mask/vs1-vs2-ebits-lmul-vlen-ldins-stins_42
vfsub_vv/test_basic_without_mask/vs1-vs2-ebits-lmul-vlen-ldins-stins_43
vfsub_vv/test_basic_without_mask/vs1-vs2-ebits-lmul-vlen-ldins-stins_44
vfsub_vv/test_basic_without_mask/vs1-vs2-ebits-lmul-vlen-ldins-stins_45
vfsub_vv/test_basic_without_mask/vs1-vs2-ebits-lmul-vlen-ldins-stins_46
vfsub_vv/test_basic_without_mask/vs1-vs2-ebits-lmul-vlen-ldins-stins_47
vfsub_vv/test_basic_without_mask/vs1-vs2-ebits-lmul-vlen-ldins-stins_48
vfsub_vv/test_basic_without_mask/vs1-vs2-ebits-lmul-vlen-ldins-stins_49
vfsub_vv/test_basic_without_mask/vs1-vs2-ebits-lmul-vlen-ldins-stins_50
vfsub_vv/test_basic_without_mask/vs1-vs2-ebits-lmul-vlen-ldins-stins_51
vfsub_vv/test_basic_without_mask/vs1-vs2-ebits-lmul-vlen-ldins-stins_52
vfsub_vv/test_basic_without_mask/vs1-vs2-ebits-lmul-vlen-ldins-stins_53
vfsub_vv/test_basic_without_mask/vs1-vs2-ebits-lmul-vlen-ldins-stins_54
vfsub_vv/test_basic_without_mask/vs1-vs2-ebits-lmul-vlen-ldins-stins_55
vfsub_vv/test_basic_without_mask/vs1-vs2-ebits-lmul-vlen-ldins-stins_56
vfsub_vv/test_basic_without_mask/vs1-vs2-ebits-lmul-vlen-ldins-stins_57
vfsub_vv/test_basic_without_mask/vs1-vs2-ebits-lmul-vlen-ldins-stins_58
vfsub_vv/test_basic_without_mask/vs1-vs2-ebits-lmul-vlen-ldins-stins_59
vfsub_vv/test_basic_without_mask_regression/vs1-vs2-ebits-lmul-vlen-ldins-stins_0
vfsub_vv/test_basic_without_mask_regression/vs1-vs2-ebits-lmul-vlen-ldins-stins_1
vfsub_vv/test_basic_without_mask_regression/vs1-vs2-ebits-lmul-vlen-ldins-stins_2
vfsub_vv/test_basic_without_mask_regression/vs1-vs2-ebits-lmul-vlen-ldins-stins_3
vfsub_vv/test_basic_without_mask_regression/vs1-vs2-ebits-lmul-vlen-ldins-stins_4
vfsub_vv/test_basic_without_mask_regression/vs1-vs2-ebits-lmul-vlen-ldins-stins_5
vfsub_vv/test_basic_without_mask_regression/vs1-vs2-ebits-lmul-vlen-ldins-stins_6
vfsub_vv/test_basic_without_mask_regression/vs1-vs2-ebits-lmul-vlen-ldins-stins_7
vfsub_vv/test_basic_without_mask_regression/vs1-vs2-ebits-lmul-vlen-ldins-stins_8
vfsub_vv/test_basic_without_mask_regression/vs1-vs2-ebits-lmul-vlen-ldins-stins_9
vfsub_vv/test_basic_without_mask_regression/vs1-vs2-ebits-lmul-vlen-ldins-stins_10
vfsub_vv/test_basic_without_mask_regression/vs1-vs2-ebits-lmul-vlen-ldins-stins_11
vfsub_vv/test_basic_without_mask_regression/vs1-vs2-ebits-lmul-vlen-ldins-stins_12
vfsub_vv/test_basic_without_mask_regression/vs1-vs2-ebits-lmul-vlen-ldins-stins_13
vfsub_vv/test_basic_without_mask_regression/vs1-vs2-ebits-lmul-vlen-ldins-stins_14
vfsub_vv/test_special_without_mask/vs1-vs2-ebits-lmul-vlen-ldins-stins_0
vfsub_vv/test_special_without_mask/vs1-vs2-ebits-lmul-vlen-ldins-stins_1
vfsub_vv/test_special_without_mask/vs1-vs2-ebits-lmul-vlen-ldins-stins_2
vfsub_vv/test_vta_eq_tu_without_mask/vs1-vs2-orig-ebits-lmul-vlen-ldins-stins_0
vfsub_vv/test_vta_eq_tu_without_mask/vs1-vs2-orig-ebits-lmul-vlen-ldins-stins_1
vfsub_vv/test_vta_eq_tu_without_mask/vs1-vs2-orig-ebits-lmul-vlen-ldins-stins_2
vfsub_vv/test_vta_eq_tu_without_mask/vs1-vs2-orig-ebits-lmul-vlen-ldins-stins_3
vfsub_vv/test_vta_eq_tu_without_mask/vs1-vs2-orig-ebits-lmul-vlen-ldins-stins_4
vfsub_vv/test_vta_eq_tu_without_mask/vs1-vs2-orig-ebits-lmul-vlen-ldins-stins_5
vfsub_vv/test_vta_eq_tu_without_mask/vs1-vs2-orig-ebits-lmul-vlen-ldins-stins_6
vfsub_vv/test_vta_eq_tu_without_mask/vs1-vs2-orig-ebits-lmul-vlen-ldins-stins_7
vfsub_vv/test_vta_eq_tu_without_mask/vs1-vs2-orig-ebits-lmul-vlen-ldins-stins_8
vfsub_vv/test_vta_eq_tu_without_mask/vs1-vs2-orig-ebits-lmul-vlen-ldins-stins_9
vfsub_vv/test_vta_eq_tu_without_mask/vs1-vs2-orig-ebits-lmul-vlen-ldins-stins_10
vfsub_vv/test_vta_eq_tu_without_mask/vs1-vs2-orig-ebits-lmul-vlen-ldins-stins_11
vfsub_vv/test_vta_eq_tu_without_mask/vs1-vs2-orig-ebits-lmul-vlen-ldins-stins_12
vfsub_vv/test_vta_eq_tu_without_mask/vs1-vs2-orig-ebits-lmul-vlen-ldins-stins_13
vfsub_vv/test_vta_eq_tu_without_mask/vs1-vs2-orig-ebits-lmul-vlen-ldins-stins_14
vfsub_vv/test_rounding_mode_without_mask/vs1-vs2-ebits-lmul-vlen-ldins-stins-frm_0
vfsub_vv/test_rounding_mode_without_mask/vs1-vs2-ebits-lmul-vlen-ldins-stins-frm_1
vfsub_vv/test_rounding_mode_without_mask/vs1-vs2-ebits-lmul-vlen-ldins-stins-frm_2
vfsub_vv/test_rounding_mode_without_mask/vs1-vs2-ebits-lmul-vlen-ldins-stins-frm_3
vfsub_vv/test_rounding_mode_without_mask/vs1-vs2-ebits-lmul-vlen-ldins-stins-frm_4
vfsub_vv/test_rounding_mode_without_mask/vs1-vs2-ebits-lmul-vlen-ldins-stins-frm_5
vfsub_vv/test_rounding_mode_without_mask/vs1-vs2-ebits-lmul-vlen-ldins-stins-frm_6
vfsub_vv/test_rounding_mode_without_mask/vs1-vs2-ebits-lmul-vlen-ldins-stins-frm_7
vfsub_vv/test_rounding_mode_without_mask/vs1-vs2-ebits-lmul-vlen-ldins-stins-frm_8
vfsub_vv/test_rounding_mode_without_mask/vs1-vs2-ebits-lmul-vlen-ldins-stins-frm_9
vfsub_vv/test_rounding_mode_without_mask/vs1-vs2-ebits-lmul-vlen-ldins-stins-frm_10
vfsub_vv/test_rounding_mode_without_mask/vs1-vs2-ebits-lmul-vlen-ldins-stins-frm_11
vfsub_vv/test_rounding_mode_without_mask/vs1-vs2-ebits-lmul-vlen-ldins-stins-frm_12
vfsub_vv/test_rounding_mode_without_mask/vs1-vs2-ebits-lmul-vlen-ldins-stins-frm_13
vfsub_vv/test_rounding_mode_without_mask/vs1-vs2-ebits-lmul-vlen-ldins-stins-frm_14
vfsub_vv/test_vs1_eq_vs2_without_mask/vs1-ebits-lmul-vlen-ldins-stins-vs1_name-vd_name_0
vfsub_vv/test_vs1_eq_vs2_without_mask/vs1-ebits-lmul-vlen-ldins-stins-vs1_name-vd_name_1
vfsub_vv/test_vs1_eq_vs2_without_mask/vs1-ebits-lmul-vlen-ldins-stins-vs1_name-vd_name_2
vfsub_vv/test_vs1_eq_vs2_without_mask/vs1-ebits-lmul-vlen-ldins-stins-vs1_name-vd_name_3
vfsub_vv/test_vs1_eq_vs2_without_mask/vs1-ebits-lmul-vlen-ldins-stins-vs1_name-vd_name_4
vfsub_vv/test_vs1_eq_vs2_without_mask/vs1-ebits-lmul-vlen-ldins-stins-vs1_name-vd_name_5
vfsub_vv/test_vs1_eq_vs2_without_mask/vs1-ebits-lmul-vlen-ldins-stins-vs1_name-vd_name_6
vfsub_vv/test_vs1_eq_vs2_without_mask/vs1-ebits-lmul-vlen-ldins-stins-vs1_name-vd_name_7
vfsub_vv/test_vs1_eq_vs2_without_mask/vs1-ebits-lmul-vlen-ldins-stins-vs1_name-vd_name_8
vfsub_vv/test_vs1_eq_vs2_without_mask/vs1-ebits-lmul-vlen-ldins-stins-vs1_name-vd_name_9
vfsub_vv/test_vs1_eq_vs2_without_mask/vs1-ebits-lmul-vlen-ldins-stins-vs1_name-vd_name_10
vfsub_vv/test_vs1_eq_vs2_without_mask/vs1-ebits-lmul-vlen-ldins-stins-vs1_name-vd_name_11
vfsub_vv/test_vs1_eq_vs2_without_mask/vs1-ebits-lmul-vlen-ldins-stins-vs1_name-vd_name_12
vfsub_vv/test_vs1_eq_vs2_without_mask/vs1-ebits-lmul-vlen-ldins-stins-vs1_name-vd_name_13
vfsub_vv/test_vs1_eq_vs2_without_mask/vs1-ebits-lmul-vlen-ldins-stins-vs1_name-vd_name_14
vfsub_vv/test_dest_eq_vs1_without_mask/vs1-vs2-ebits-lmul-vlen-ldins-stins-vs1_name-vs2_name_0
vfsub_vv/test_dest_eq_vs1_without_mask/vs1-vs2-ebits-lmul-vlen-ldins-stins-vs1_name-vs2_name_1
vfsub_vv/test_dest_eq_vs1_without_mask/vs1-vs2-ebits-lmul-vlen-ldins-stins-vs1_name-vs2_name_2
vfsub_vv/test_dest_eq_vs1_without_mask/vs1-vs2-ebits-lmul-vlen-ldins-stins-vs1_name-vs2_name_3
vfsub_vv/test_dest_eq_vs1_without_mask/vs1-vs2-ebits-lmul-vlen-ldins-stins-vs1_name-vs2_name_4
vfsub_vv/test_dest_eq_vs1_without_mask/vs1-vs2-ebits-lmul-vlen-ldins-stins-vs1_name-vs2_name_5
vfsub_vv/test_dest_eq_vs1_without_mask/vs1-vs2-ebits-lmul-vlen-ldins-stins-vs1_name-vs2_name_6
vfsub_vv/test_dest_eq_vs1_without_mask/vs1-vs2-ebits-lmul-vlen-ldins-stins-vs1_name-vs2_name_7
vfsub_vv/test_dest_eq_vs1_without_mask/vs1-vs2-ebits-lmul-vlen-ldins-stins-vs1_name-vs2_name_8
vfsub_vv/test_dest_eq_vs1_without_mask/vs1-vs2-ebits-lmul-vlen-ldins-stins-vs1_name-vs2_name_9
vfsub_vv/test_dest_eq_vs1_without_mask/vs1-vs2-ebits-lmul-vlen-ldins-stins-vs1_name-vs2_name_10
vfsub_vv/test_dest_eq_vs1_without_mask/vs1-vs2-ebits-lmul-vlen-ldins-stins-vs1_name-vs2_name_11
vfsub_vv/test_dest_eq_vs1_without_mask/vs1-vs2-ebits-lmul-vlen-ldins-stins-vs1_name-vs2_name_12
vfsub_vv/test_dest_eq_vs1_without_mask/vs1-vs2-ebits-lmul-vlen-ldins-stins-vs1_name-vs2_name_13
vfsub_vv/test_dest_eq_vs1_without_mask/vs1-vs2-ebits-lmul-vlen-ldins-stins-vs1_name-vs2_name_14
vfsub_vv/test_dest_eq_vs2_without_mask/vs1-vs2-ebits-lmul-vlen-ldins-stins-vs1_name-vs2_name_0
vfsub_vv/test_dest_eq_vs2_without_mask/vs1-vs2-ebits-lmul-vlen-ldins-stins-vs1_name-vs2_name_1
vfsub_vv/test_dest_eq_vs2_without_mask/vs1-vs2-ebits-lmul-vlen-ldins-stins-vs1_name-vs2_name_2
vfsub_vv/test_dest_eq_vs2_without_mask/vs1-vs2-ebits-lmul-vlen-ldins-stins-vs1_name-vs2_name_3
vfsub_vv/test_dest_eq_vs2_without_mask/vs1-vs2-ebits-lmul-vlen-ldins-stins-vs1_name-vs2_name_4
vfsub_vv/test_dest_eq_vs2_without_mask/vs1-vs2-ebits-lmul-vlen-ldins-stins-vs1_name-vs2_name_5
vfsub_vv/test_dest_eq_vs2_without_mask/vs1-vs2-ebits-lmul-vlen-ldins-stins-vs1_name-vs2_name_6
vfsub_vv/test_dest_eq_vs2_without_mask/vs1-vs2-ebits-lmul-vlen-ldins-stins-vs1_name-vs2_name_7
vfsub_vv/test_dest_eq_vs2_without_mask/vs1-vs2-ebits-lmul-vlen-ldins-stins-vs1_name-vs2_name_8
vfsub_vv/test_dest_eq_vs2_without_mask/vs1-vs2-ebits-lmul-vlen-ldins-stins-vs1_name-vs2_name_9
vfsub_vv/test_dest_eq_vs2_without_mask/vs1-vs2-ebits-lmul-vlen-ldins-stins-vs1_name-vs2_name_10
vfsub_vv/test_dest_eq_vs2_without_mask/vs1-vs2-ebits-lmul-vlen-ldins-stins-vs1_name-vs2_name_11
vfsub_vv/test_dest_eq_vs2_without_mask/vs1-vs2-ebits-lmul-vlen-ldins-stins-vs1_name-vs2_name_12
vfsub_vv/test_dest_eq_vs2_without_mask/vs1-vs2-ebits-lmul-vlen-ldins-stins-vs1_name-vs2_name_13
vfsub_vv/test_dest_eq_vs2_without_mask/vs1-vs2-ebits-lmul-vlen-ldins-stins-vs1_name-vs2_name_14
vfsub_vv/test_dest_eq_vs1vs2_without_mask/vs1-ebits-lmul-vlen-ldins-stins-vs1_name_0
vfsub_vv/test_dest_eq_vs1vs2_without_mask/vs1-ebits-lmul-vlen-ldins-stins-vs1_name_1
vfsub_vv/test_dest_eq_vs1vs2_without_mask/vs1-ebits-lmul-vlen-ldins-stins-vs1_name_2
vfsub_vv/test_dest_eq_vs1vs2_without_mask/vs1-ebits-lmul-vlen-ldins-stins-vs1_name_3
vfsub_vv/test_dest_eq_vs1vs2_without_mask/vs1-ebits-lmul-vlen-ldins-stins-vs1_name_4
vfsub_vv/test_dest_eq_vs1vs2_without_mask/vs1-ebits-lmul-vlen-ldins-stins-vs1_name_5
vfsub_vv/test_dest_eq_vs1vs2_without_mask/vs1-ebits-lmul-vlen-ldins-stins-vs1_name_6
vfsub_vv/test_dest_eq_vs1vs2_without_mask/vs1-ebits-lmul-vlen-ldins-stins-vs1_name_7
vfsub_vv/test_dest_eq_vs1vs2_without_mask/vs1-ebits-lmul-vlen-ldins-stins-vs1_name_8
vfsub_vv/test_dest_eq_vs1vs2_without_mask/vs1-ebits-lmul-vlen-ldins-stins-vs1_name_9
vfsub_vv/test_dest_eq_vs1vs2_without_mask/vs1-ebits-lmul-vlen-ldins-stins-vs1_name_10
vfsub_vv/test_dest_eq_vs1vs2_without_mask/vs1-ebits-lmul-vlen-ldins-stins-vs1_name_11
vfsub_vv/test_dest_eq_vs1vs2_without_mask/vs1-ebits-lmul-vlen-ldins-stins-vs1_name_12
vfsub_vv/test_dest_eq_vs1vs2_without_mask/vs1-ebits-lmul-vlen-ldins-stins-vs1_name_13
vfsub_vv/test_dest_eq_vs1vs2_without_mask/vs1-ebits-lmul-vlen-ldins-stins-vs1_name_14
vfsub_vv/test_basic_with_mask/vs1-vs2-mask-ebits-lmul-vlen-ldins-stins_0
vfsub_vv/test_basic_with_mask/vs1-vs2-mask-ebits-lmul-vlen-ldins-stins_1
vfsub_vv/test_basic_with_mask/vs1-vs2-mask-ebits-lmul-vlen-ldins-stins_2
vfsub_vv/test_basic_with_mask/vs1-vs2-mask-ebits-lmul-vlen-ldins-stins_3
vfsub_vv/test_basic_with_mask/vs1-vs2-mask-ebits-lmul-vlen-ldins-stins_4
vfsub_vv/test_basic_with_mask/vs1-vs2-mask-ebits-lmul-vlen-ldins-stins_5
vfsub_vv/test_basic_with_mask/vs1-vs2-mask-ebits-lmul-vlen-ldins-stins_6
vfsub_vv/test_basic_with_mask/vs1-vs2-mask-ebits-lmul-vlen-ldins-stins_7
vfsub_vv/test_basic_with_mask/vs1-vs2-mask-ebits-lmul-vlen-ldins-stins_8
vfsub_vv/test_basic_with_mask/vs1-vs2-mask-ebits-lmul-vlen-ldins-stins_9
vfsub_vv/test_basic_with_mask/vs1-vs2-mask-ebits-lmul-vlen-ldins-stins_10
vfsub_vv/test_basic_with_mask/vs1-vs2-mask-ebits-lmul-vlen-ldins-stins_11
vfsub_vv/test_basic_with_mask/vs1-vs2-mask-ebits-lmul-vlen-ldins-stins_12
vfsub_vv/test_basic_with_mask/vs1-vs2-mask-ebits-lmul-vlen-ldins-stins_13
vfsub_vv/test_basic_with_mask/vs1-vs2-mask-ebits-lmul-vlen-ldins-stins_14
vfsub_vv/test_basic_with_mask_mu/vs1-vs2-orig-mask-ebits-lmul-vlen-ldins-stins_0
vfsub_vv/test_basic_with_mask_mu/vs1-vs2-orig-mask-ebits-lmul-vlen-ldins-stins_1
vfsub_vv/test_basic_with_mask_mu/vs1-vs2-orig-mask-ebits-lmul-vlen-ldins-stins_2
vfsub_vv/test_basic_with_mask_mu/vs1-vs2-orig-mask-ebits-lmul-vlen-ldins-stins_3
vfsub_vv/test_basic_with_mask_mu/vs1-vs2-orig-mask-ebits-lmul-vlen-ldins-stins_4
vfsub_vv/test_basic_with_mask_mu/vs1-vs2-orig-mask-ebits-lmul-vlen-ldins-stins_5
vfsub_vv/test_basic_with_mask_mu/vs1-vs2-orig-mask-ebits-lmul-vlen-ldins-stins_6
vfsub_vv/test_basic_with_mask_mu/vs1-vs2-orig-mask-ebits-lmul-vlen-ldins-stins_7
vfsub_vv/test_basic_with_mask_mu/vs1-vs2-orig-mask-ebits-lmul-vlen-ldins-stins_8
vfsub_vv/test_basic_with_mask_mu/vs1-vs2-orig-mask-ebits-lmul-vlen-ldins-stins_9
vfsub_vv/test_basic_with_mask_mu/vs1-vs2-orig-mask-ebits-lmul-vlen-ldins-stins_10
vfsub_vv/test_basic_with_mask_mu/vs1-vs2-orig-mask-ebits-lmul-vlen-ldins-stins_11
vfsub_vv/test_basic_with_mask_mu/vs1-vs2-orig-mask-ebits-lmul-vlen-ldins-stins_12
vfsub_vv/test_basic_with_mask_mu/vs1-vs2-orig-mask-ebits-lmul-vlen-ldins-stins_13
vfsub_vv/test_basic_with_mask_mu/vs1-vs2-orig-mask-ebits-lmul-vlen-ldins-stins_14
vfsub_vv/test_vstart_not_eq_zero_without_mask/vs1-vs2-orig-ebits-lmul-vlen-ldins-stins-vstart_0
vfsub_vv/test_vstart_not_eq_zero_without_mask/vs1-vs2-orig-ebits-lmul-vlen-ldins-stins-vstart_1
vfsub_vv/test_vstart_not_eq_zero_without_mask/vs1-vs2-orig-ebits-lmul-vlen-ldins-stins-vstart_2
vfsub_vv/test_vstart_not_eq_zero_without_mask/vs1-vs2-orig-ebits-lmul-vlen-ldins-stins-vstart_3
vfsub_vv/test_vstart_not_eq_zero_without_mask/vs1-vs2-orig-ebits-lmul-vlen-ldins-stins-vstart_4
vfsub_vv/test_vstart_not_eq_zero_without_mask/vs1-vs2-orig-ebits-lmul-vlen-ldins-stins-vstart_5
vfsub_vv/test_vstart_not_eq_zero_without_mask/vs1-vs2-orig-ebits-lmul-vlen-ldins-stins-vstart_6
vfsub_vv/test_vstart_not_eq_zero_without_mask/vs1-vs2-orig-ebits-lmul-vlen-ldins-stins-vstart_7
vfsub_vv/test_vstart_not_eq_zero_without_mask/vs1-vs2-orig-ebits-lmul-vlen-ldins-stins-vstart_8
vfsub_vv/test_vstart_not_eq_zero_without_mask/vs1-vs2-orig-ebits-lmul-vlen-ldins-stins-vstart_9
vfsub_vv/test_vstart_not_eq_zero_without_mask/vs1-vs2-orig-ebits-lmul-vlen-ldins-stins-vstart_10
vfsub_vv/test_vstart_not_eq_zero_without_mask/vs1-vs2-orig-ebits-lmul-vlen-ldins-stins-vstart_11
vfsub_vv/test_vstart_not_eq_zero_without_mask/vs1-vs2-orig-ebits-lmul-vlen-ldins-stins-vstart_12
vfsub_vv/test_vstart_not_eq_zero_without_mask/vs1-vs2-orig-ebits-lmul-vlen-ldins-stins-vstart_13
vfsub_vv/test_vstart_not_eq_zero_without_mask/vs1-vs2-orig-ebits-lmul-vlen-ldins-stins-vstart_14
vfsub_vv/test_vstart_not_eq_zero_with_mask/vs1-vs2-orig-mask-ebits-lmul-vlen-ldins-stins-vstart_0
vfsub_vv/test_vstart_not_eq_zero_with_mask/vs1-vs2-orig-mask-ebits-lmul-vlen-ldins-stins-vstart_1
vfsub_vv/test_vstart_not_eq_zero_with_mask/vs1-vs2-orig-mask-ebits-lmul-vlen-ldins-stins-vstart_2
vfsub_vv/test_vstart_not_eq_zero_with_mask/vs1-vs2-orig-mask-ebits-lmul-vlen-ldins-stins-vstart_3
vfsub_vv/test_vstart_not_eq_zero_with_mask/vs1-vs2-orig-mask-ebits-lmul-vlen-ldins-stins-vstart_4
vfsub_vv/test_vstart_not_eq_zero_with_mask/vs1-vs2-orig-mask-ebits-lmul-vlen-ldins-stins-vstart_5
vfsub_vv/test_vstart_not_eq_zero_with_mask/vs1-vs2-orig-mask-ebits-lmul-vlen-ldins-stins-vstart_6
vfsub_vv/test_vstart_not_eq_zero_with_mask/vs1-vs2-orig-mask-ebits-lmul-vlen-ldins-stins-vstart_7
vfsub_vv/test_vstart_not_eq_zero_with_mask/vs1-vs2-orig-mask-ebits-lmul-vlen-ldins-stins-vstart_8
vfsub_vv/test_vstart_not_eq_zero_with_mask/vs1-vs2-orig-mask-ebits-lmul-vlen-ldins-stins-vstart_9
vfsub_vv/test_vstart_not_eq_zero_with_mask/vs1-vs2-orig-mask-ebits-lmul-vlen-ldins-stins-vstart_10
vfsub_vv/test_vstart_not_eq_zero_with_mask/vs1-vs2-orig-mask-ebits-lmul-vlen-ldins-stins-vstart_11
vfsub_vv/test_vstart_not_eq_zero_with_mask/vs1-vs2-orig-mask-ebits-lmul-vlen-ldins-stins-vstart_12
vfsub_vv/test_vstart_not_eq_zero_with_mask/vs1-vs2-orig-mask-ebits-lmul-vlen-ldins-stins-vstart_13
vfsub_vv/test_vstart_not_eq_zero_with_mask/vs1-vs2-orig-mask-ebits-lmul-vlen-ldins-stins-vstart_14
vfsub_vv/test_exception_wrong_sew_without_mask/sew-lmul-vlen_0
vfsub_vv/test_exception_wrong_sew_without_mask/sew-lmul-vlen_1
vfsub_vv/test_exception_wrong_sew_without_mask/sew-lmul-vlen_2
vfsub_vv/test_exception_wrong_sew_without_mask/sew-lmul-vlen_3
vfsub_vv/test_exception_wrong_sew_without_mask/sew-lmul-vlen_4
vfsub_vv/test_exception_wrong_sew_without_mask/sew-lmul-vlen_5
vfsub_vv/test_exception_wrong_sew_without_mask/sew-lmul-vlen_6
vfsub_vv/test_exception_wrong_sew_without_mask/sew-lmul-vlen_7
vfsub_vv/test_exception_wrong_sew_without_mask/sew-lmul-vlen_8
vfsub_vv/test_exception_wrong_sew_without_mask/sew-lmul-vlen_9
vfsub_vv/test_exception_wrong_sew_without_mask/sew-lmul-vlen_10
vfsub_vv/test_exception_wrong_sew_without_mask/sew-lmul-vlen_11
vfsub_vv/test_exception_wrong_sew_without_mask/sew-lmul-vlen_12
vfsub_vv/test_exception_wrong_sew_without_mask/sew-lmul-vlen_13
vfsub_vv/test_exception_wrong_sew_without_mask/sew-lmul-vlen_14
vfsub_vv/test_exception_lmul_vreg_no_without_mask/ebits-lmul-vlen-vs1_name-vs2_name-vd_name_0
vfsub_vv/test_exception_lmul_vreg_no_without_mask/ebits-lmul-vlen-vs1_name-vs2_name-vd_name_1
vfsub_vv/test_exception_lmul_vreg_no_without_mask/ebits-lmul-vlen-vs1_name-vs2_name-vd_name_2
vfsub_vv/test_exception_lmul_vreg_no_without_mask/ebits-lmul-vlen-vs1_name-vs2_name-vd_name_3
vfsub_vv/test_exception_lmul_vreg_no_without_mask/ebits-lmul-vlen-vs1_name-vs2_name-vd_name_4
vfsub_vv/test_exception_lmul_vreg_no_without_mask/ebits-lmul-vlen-vs1_name-vs2_name-vd_name_5
vfsub_vv/test_exception_lmul_vreg_no_without_mask/ebits-lmul-vlen-vs1_name-vs2_name-vd_name_6
vfsub_vv/test_exception_lmul_vreg_no_without_mask/ebits-lmul-vlen-vs1_name-vs2_name-vd_name_7
vfsub_vv/test_exception_lmul_vreg_no_without_mask/ebits-lmul-vlen-vs1_name-vs2_name-vd_name_8
vfmul_vv/test_basic_without_mask/vs1-vs2-ebits-lmul-vlen-ldins-stins_0
vfmul_vv/test_basic_without_mask/vs1-vs2-ebits-lmul-vlen-ldins-stins_1
vfmul_vv/test_basic_without_mask/vs1-vs2-ebits-lmul-vlen-ldins-stins_2
vfmul_vv/test_basic_without_mask/vs1-vs2-ebits-lmul-vlen-ldins-stins_3
vfmul_vv/test_basic_without_mask/vs1-vs2-ebits-lmul-vlen-ldins-stins_4
vfmul_vv/test_basic_without_mask/vs1-vs2-ebits-lmul-vlen-ldins-stins_5
vfmul_vv/test_basic_without_mask/vs1-vs2-ebits-lmul-vlen-ldins-stins_6
vfmul_vv/test_basic_without_mask/vs1-vs2-ebits-lmul-vlen-ldins-stins_7
vfmul_vv/test_basic_without_mask/vs1-vs2-ebits-lmul-vlen-ldins-stins_8
vfmul_vv/test_basic_without_mask/vs1-vs2-ebits-lmul-vlen-ldins-stins_9
vfmul_vv/test_basic_without_mask/vs1-vs2-ebits-lmul-vlen-ldins-stins_10
vfmul_vv/test_basic_without_mask/vs1-vs2-ebits-lmul-vlen-ldins-stins_11
vfmul_vv/test_basic_without_mask/vs1-vs2-ebits-lmul-vlen-ldins-stins_12
vfmul_vv/test_basic_without_mask/vs1-vs2-ebits-lmul-vlen-ldins-stins_13
vfmul_vv/test_basic_without_mask/vs1-vs2-ebits-lmul-vlen-ldins-stins_14
vfmul_vv/test_basic_without_mask/vs1-vs2-ebits-lmul-vlen-ldins-stins_15
vfmul_vv/test_basic_without_mask/vs1-vs2-ebits-lmul-vlen-ldins-stins_16
vfmul_vv/test_basic_without_mask/vs1-vs2-ebits-lmul-vlen-ldins-stins_17
vfmul_vv/test_basic_without_mask/vs1-vs2-ebits-lmul-vlen-ldins-stins_18
vfmul_vv/test_basic_without_mask/vs1-vs2-ebits-lmul-vlen-ldins-stins_19
vfmul_vv/test_basic_without_mask/vs1-vs2-ebits-lmul-vlen-ldins-stins_20
vfmul_vv/test_basic_without_mask/vs1-vs2-ebits-lmul-vlen-ldins-stins_21
vfmul_vv/test_basic_without_mask/vs1-vs2-ebits-lmul-vlen-ldins-stins_22
vfmul_vv/test_basic_without_mask/vs1-vs2-ebits-lmul-vlen-ldins-stins_23
vfmul_vv/test_basic_without_mask/vs1-vs2-ebits-lmul-vlen-ldins-stins_24
vfmul_vv/test_basic_without_mask/vs1-vs2-ebits-lmul-vlen-ldins-stins_25
vfmul_vv/test_basic_without_mask/vs1-vs2-ebits-lmul-vlen-ldins-stins_26
vfmul_vv/test_basic_without_mask/vs1-vs2-ebits-lmul-vlen-ldins-stins_27
vfmul_vv/test_basic_without_mask/vs1-vs2-ebits-lmul-vlen-ldins-stins_28
vfmul_vv/test_basic_without_mask/vs1-vs2-ebits-lmul-vlen-ldins-stins_29
vfmul_vv/test_basic_without_mask/vs1-vs2-ebits-lmul-vlen-ldins-stins_30
vfmul_vv/test_basic_without_mask/vs1-vs2-ebits-lmul-vlen-ldins-stins_31
vfmul_vv/test_basic_without_mask/vs1-vs2-ebits-lmul-vlen-ldins-stins_32
vfmul_vv/test_basic_without_mask/vs1-vs2-ebits-lmul-vlen-ldins-stins_33
vfmul_vv/test_basic_without_mask/vs1-vs2-ebits-lmul-vlen-ldins-stins_34
vfmul_vv/test_basic_without_mask/vs1-vs2-ebits-lmul-vlen-ldins-stins_35
vfmul_vv/test_basic_without_mask/vs1-vs2-ebits-lmul-vlen-ldins-stins_36
vfmul_vv/test_basic_without_mask/vs1-vs2-ebits-lmul-vlen-ldins-stins_37
vfmul_vv/test_basic_without_mask/vs1-vs2-ebits-lmul-vlen-ldins-stins_38
vfmul_vv/test_basic_without_mask/vs1-vs2-ebits-lmul-vlen-ldins-stins_39
vfmul_vv/test_basic_without_mask/vs1-vs2-ebits-lmul-vlen-ldins-stins_40
vfmul_vv/test_basic_without_mask/vs1-vs2-ebits-lmul-vlen-ldins-stins_41
vfmul_vv/test_basic_without_mask/vs1-vs2-ebits-lmul-vlen-ldins-stins_42
vfmul_vv/test_basic_without_mask/vs1-vs2-ebits-lmul-vlen-ldins-stins_43
vfmul_vv/test_basic_without_mask/vs1-vs2-ebits-lmul-vlen-ldins-stins_44
vfmul_vv/test_basic_without_mask/vs1-vs2-ebits-lmul-vlen-ldins-stins_45
vfmul_vv/test_basic_without_mask/vs1-vs2-ebits-lmul-vlen-ldins-stins_46
vfmul_vv/test_basic_without_mask/vs1-vs2-ebits-lmul-vlen-ldins-stins_47
vfmul_vv/test_basic_without_mask/vs1-vs2-ebits-lmul-vlen-ldins-stins_48
vfmul_vv/test_basic_without_mask/vs1-vs2-ebits-lmul-vlen-ldins-stins_49
vfmul_vv/test_basic_without_mask/vs1-vs2-ebits-lmul-vlen-ldins-stins_50
vfmul_vv/test_basic_without_mask/vs1-vs2-ebits-lmul-vlen-ldins-stins_51
vfmul_vv/test_basic_without_mask/vs1-vs2-ebits-lmul-vlen-ldins-stins_52
vfmul_vv/test_basic_without_mask/vs1-vs2-ebits-lmul-vlen-ldins-stins_53
vfmul_vv/test_basic_without_mask/vs1-vs2-ebits-lmul-vlen-ldins-stins_54
vfmul_vv/test_basic_without_mask/vs1-vs2-ebits-lmul-vlen-ldins-stins_55
vfmul_vv/test_basic_without_mask/vs1-vs2-ebits-lmul-vlen-ldins-stins_56
vfmul_vv/test_basic_without_mask/vs1-vs2-ebits-lmul-vlen-ldins-stins_57
vfmul_vv/test_basic_without_mask/vs1-vs2-ebits-lmul-vlen-ldins-stins_58
vfmul_vv/test_basic_without_mask/vs1-vs2-ebits-lmul-vlen-ldins-stins_59
vfmul_vv/test_basic_without_mask_regression/vs1-vs2-ebits-lmul-vlen-ldins-stins_0
vfmul_vv/test_basic_without_mask_regression/vs1-vs2-ebits-lmul-vlen-ldins-stins_1
vfmul_vv/test_basic_without_mask_regression/vs1-vs2-ebits-lmul-vlen-ldins-stins_2
vfmul_vv/test_basic_without_mask_regression/vs1-vs2-ebits-lmul-vlen-ldins-stins_3
vfmul_vv/test_basic_without_mask_regression/vs1-vs2-ebits-lmul-vlen-ldins-stins_4
vfmul_vv/test_basic_without_mask_regression/vs1-vs2-ebits-lmul-vlen-ldins-stins_5
vfmul_vv/test_basic_without_mask_regression/vs1-vs2-ebits-lmul-vlen-ldins-stins_6
vfmul_vv/test_basic_without_mask_regression/vs1-vs2-ebits-lmul-vlen-ldins-stins_7
vfmul_vv/test_basic_without_mask_regression/vs1-vs2-ebits-lmul-vlen-ldins-stins_8
vfmul_vv/test_basic_without_mask_regression/vs1-vs2-ebits-lmul-vlen-ldins-stins_9
vfmul_vv/test_basic_without_mask_regression/vs1-vs2-ebits-lmul-vlen-ldins-stins_10
vfmul_vv/test_basic_without_mask_regression/vs1-vs2-ebits-lmul-vlen-ldins-stins_11
vfmul_vv/test_basic_without_mask_regression/vs1-vs2-ebits-lmul-vlen-ldins-stins_12
vfmul_vv/test_basic_without_mask_regression/vs1-vs2-ebits-lmul-vlen-ldins-stins_13
vfmul_vv/test_basic_without_mask_regression/vs1-vs2-ebits-lmul-vlen-ldins-stins_14
vfmul_vv/test_special_without_mask/vs1-vs2-ebits-lmul-vlen-ldins-stins_0
vfmul_vv/test_special_without_mask/vs1-vs2-ebits-lmul-vlen-ldins-stins_1
vfmul_vv/test_special_without_mask/vs1-vs2-ebits-lmul-vlen-ldins-stins_2
vfmul_vv/test_vta_eq_tu_without_mask/vs1-vs2-orig-ebits-lmul-vlen-ldins-stins_0
vfmul_vv/test_vta_eq_tu_without_mask/vs1-vs2-orig-ebits-lmul-vlen-ldins-stins_1
vfmul_vv/test_vta_eq_tu_without_mask/vs1-vs2-orig-ebits-lmul-vlen-ldins-stins_2
vfmul_vv/test_vta_eq_tu_without_mask/vs1-vs2-orig-ebits-lmul-vlen-ldins-stins_3
vfmul_vv/test_vta_eq_tu_without_mask/vs1-vs2-orig-ebits-lmul-vlen-ldins-stins_4
vfmul_vv/test_vta_eq_tu_without_mask/vs1-vs2-orig-ebits-lmul-vlen-ldins-stins_5
vfmul_vv/test_vta_eq_tu_without_mask/vs1-vs2-orig-ebits-lmul-vlen-ldins-stins_6
vfmul_vv/test_vta_eq_tu_without_mask/vs1-vs2-orig-ebits-lmul-vlen-ldins-stins_7
vfmul_vv/test_vta_eq_tu_without_mask/vs1-vs2-orig-ebits-lmul-vlen-ldins-stins_8
vfmul_vv/test_vta_eq_tu_without_mask/vs1-vs2-orig-ebits-lmul-vlen-ldins-stins_9
vfmul_vv/test_vta_eq_tu_without_mask/vs1-vs2-orig-ebits-lmul-vlen-ldins-stins_10
vfmul_vv/test_vta_eq_tu_without_mask/vs1-vs2-orig-ebits-lmul-vlen-ldins-stins_11
vfmul_vv/test_vta_eq_tu_without_mask/vs1-vs2-orig-ebits-lmul-vlen-ldins-stins_12
vfmul_vv/test_vta_eq_tu_without_mask/vs1-vs2-orig-ebits-lmul-vlen-ldins-stins_13
vfmul_vv/test_vta_eq_tu_without_mask/vs1-vs2-orig-ebits-lmul-vlen-ldins-stins_14
vfmul_vv/test_rounding_mode_without_mask/vs1-vs2-ebits-lmul-vlen-ldins-stins-frm_0
vfmul_vv/test_rounding_mode_without_mask/vs1-vs2-ebits-lmul-vlen-ldins-stins-frm_1
vfmul_vv/test_rounding_mode_without_mask/vs1-vs2-ebits-lmul-vlen-ldins-stins-frm_2
vfmul_vv/test_rounding_mode_without_mask/vs1-vs2-ebits-lmul-vlen-ldins-stins-frm_3
vfmul_vv/test_rounding_mode_without_mask/vs1-vs2-ebits-lmul-vlen-ldins-stins-frm_4
vfmul_vv/test_rounding_mode_without_mask/vs1-vs2-ebits-lmul-vlen-ldins-stins-frm_5
vfmul_vv/test_rounding_mode_without_mask/vs1-vs2-ebits-lmul-vlen-ldins-stins-frm_6
vfmul_vv/test_rounding_mode_without_mask/vs1-vs2-ebits-lmul-vlen-ldins-stins-frm_7
vfmul_vv/test_rounding_mode_without_mask/vs1-vs2-ebits-lmul-vlen-ldins-stins-frm_8
vfmul_vv/test_rounding_mode_without_mask/vs1-vs2-ebits-lmul-vlen-ldins-stins-frm_9
vfmul_vv/test_rounding_mode_without_mask/vs1-vs2-ebits-lmul-vlen-ldins-stins-frm_10
vfmul_vv/test_rounding_mode_without_mask/vs1-vs2-ebits-lmul-vlen-ldins-stins-frm_11
vfmul_vv/test_rounding_mode_without_mask/vs1-vs2-ebits-lmul-vlen-ldins-stins-frm_12
vfmul_vv/test_rounding_mode_without_mask/vs1-vs2-ebits-lmul-vlen-ldins-stins-frm_13
vfmul_vv/test_rounding_mode_without_mask/vs1-vs2-ebits-lmul-vlen-ldins-stins-frm_14
vfmul_vv/test_vs1_eq_vs2_without_mask/vs1-ebits-lmul-vlen-ldins-stins-vs1_name-vd_name_0
vfmul_vv/test_vs1_eq_vs2_without_mask/vs1-ebits-lmul-vlen-ldins-stins-vs1_name-vd_name_1
vfmul_vv/test_vs1_eq_vs2_without_mask/vs1-ebits-lmul-vlen-ldins-stins-vs1_name-vd_name_2
vfmul_vv/test_vs1_eq_vs2_without_mask/vs1-ebits-lmul-vlen-ldins-stins-vs1_name-vd_name_3
vfmul_vv/test_vs1_eq_vs2_without_mask/vs1-ebits-lmul-vlen-ldins-stins-vs1_name-vd_name_4
vfmul_vv/test_vs1_eq_vs2_without_mask/vs1-ebits-lmul-vlen-ldins-stins-vs1_name-vd_name_5
vfmul_vv/test_vs1_eq_vs2_without_mask/vs1-ebits-lmul-vlen-ldins-stins-vs1_name-vd_name_6
vfmul_vv/test_vs1_eq_vs2_without_mask/vs1-ebits-lmul-vlen-ldins-stins-vs1_name-vd_name_7
vfmul_vv/test_vs1_eq_vs2_without_mask/vs1-ebits-lmul-vlen-ldins-stins-vs1_name-vd_name_8
vfmul_vv/test_vs1_eq_vs2_without_mask/vs1-ebits-lmul-vlen-ldins-stins-vs1_name-vd_name_9
vfmul_vv/test_vs1_eq_vs2_without_mask/vs1-ebits-lmul-vlen-ldins-stins-vs1_name-vd_name_10
vfmul_vv/test_vs1_eq_vs2_without_mask/vs1-ebits-lmul-vlen-ldins-stins-vs1_name-vd_name_11
vfmul_vv/test_vs1_eq_vs2_without_mask/vs1-ebits-lmul-vlen-ldins-stins-vs1_name-vd_name_12
vfmul_vv/test_vs1_eq_vs2_without_mask/vs1-ebits-lmul-vlen-ldins-stins-vs1_name-vd_name_13
vfmul_vv/test_vs1_eq_vs2_without_mask/vs1-ebits-lmul-vlen-ldins-stins-vs1_name-vd_name_14
vfmul_vv/test_dest_eq_vs1_without_mask/vs1-vs2-ebits-lmul-vlen-ldins-stins-vs1_name-vs2_name_0
vfmul_vv/test_dest_eq_vs1_without_mask/vs1-vs2-ebits-lmul-vlen-ldins-stins-vs1_name-vs2_name_1
vfmul_vv/test_dest_eq_vs1_without_mask/vs1-vs2-ebits-lmul-vlen-ldins-stins-vs1_name-vs2_name_2
vfmul_vv/test_dest_eq_vs1_without_mask/vs1-vs2-ebits-lmul-vlen-ldins-stins-vs1_name-vs2_name_3
vfmul_vv/test_dest_eq_vs1_without_mask/vs1-vs2-ebits-lmul-vlen-ldins-stins-vs1_name-vs2_name_4
vfmul_vv/test_dest_eq_vs1_without_mask/vs1-vs2-ebits-lmul-vlen-ldins-stins-vs1_name-vs2_name_5
vfmul_vv/test_dest_eq_vs1_without_mask/vs1-vs2-ebits-lmul-vlen-ldins-stins-vs1_name-vs2_name_6
vfmul_vv/test_dest_eq_vs1_without_mask/vs1-vs2-ebits-lmul-vlen-ldins-stins-vs1_name-vs2_name_7
vfmul_vv/test_dest_eq_vs1_without_mask/vs1-vs2-ebits-lmul-vlen-ldins-stins-vs1_name-vs2_name_8
vfmul_vv/test_dest_eq_vs1_without_mask/vs1-vs2-ebits-lmul-vlen-ldins-stins-vs1_name-vs2_name_9
vfmul_vv/test_dest_eq_vs1_without_mask/vs1-vs2-ebits-lmul-vlen-ldins-stins-vs1_name-vs2_name_10
vfmul_vv/test_dest_eq_vs1_without_mask/vs1-vs2-ebits-lmul-vlen-ldins-stins-vs1_name-vs2_name_11
vfmul_vv/test_dest_eq_vs1_without_mask/vs1-vs2-ebits-lmul-vlen-ldins-stins-vs1_name-vs2_name_12
vfmul_vv/test_dest_eq_vs1_without_mask/vs1-vs2-ebits-lmul-vlen-ldins-stins-vs1_name-vs2_name_13
vfmul_vv/test_dest_eq_vs1_without_mask/vs1-vs2-ebits-lmul-vlen-ldins-stins-vs1_name-vs2_name_14
vfmul_vv/test_dest_eq_vs2_without_mask/vs1-vs2-ebits-lmul-vlen-ldins-stins-vs1_name-vs2_name_0
vfmul_vv/test_dest_eq_vs2_without_mask/vs1-vs2-ebits-lmul-vlen-ldins-stins-vs1_name-vs2_name_1
vfmul_vv/test_dest_eq_vs2_without_mask/vs1-vs2-ebits-lmul-vlen-ldins-stins-vs1_name-vs2_name_2
vfmul_vv/test_dest_eq_vs2_without_mask/vs1-vs2-ebits-lmul-vlen-ldins-stins-vs1_name-vs2_name_3
vfmul_vv/test_dest_eq_vs2_without_mask/vs1-vs2-ebits-lmul-vlen-ldins-stins-vs1_name-vs2_name_4
vfmul_vv/test_dest_eq_vs2_without_mask/vs1-vs2-ebits-lmul-vlen-ldins-stins-vs1_name-vs2_name_5
vfmul_vv/test_dest_eq_vs2_without_mask/vs1-vs2-ebits-lmul-vlen-ldins-stins-vs1_name-vs2_name_6
vfmul_vv/test_dest_eq_vs2_without_mask/vs1-vs2-ebits-lmul-vlen-ldins-stins-vs1_name-vs2_name_7
vfmul_vv/test_dest_eq_vs2_without_mask/vs1-vs2-ebits-lmul-vlen-ldins-stins-vs1_name-vs2_name_8
vfmul_vv/test_dest_eq_vs2_without_mask/vs1-vs2-ebits-lmul-vlen-ldins-stins-vs1_name-vs2_name_9
vfmul_vv/test_dest_eq_vs2_without_mask/vs1-vs2-ebits-lmul-vlen-ldins-stins-vs1_name-vs2_name_10
vfmul_vv/test_dest_eq_vs2_without_mask/vs1-vs2-ebits-lmul-vlen-ldins-stins-vs1_name-vs2_name_11
vfmul_vv/test_dest_eq_vs2_without_mask/vs1-vs2-ebits-lmul-vlen-ldins-stins-vs1_name-vs2_name_12
vfmul_vv/test_dest_eq_vs2_without_mask/vs1-vs2-ebits-lmul-vlen-ldins-stins-vs1_name-vs2_name_13
vfmul_vv/test_dest_eq_vs2_without_mask/vs1-vs2-ebits-lmul-vlen-ldins-stins-vs1_name-vs2_name_14
vfmul_vv/test_dest_eq_vs1vs2_without_mask/vs1-ebits-lmul-vlen-ldins-stins-vs1_name_0
vfmul_vv/test_dest_eq_vs1vs2_without_mask/vs1-ebits-lmul-vlen-ldins-stins-vs1_name_1
vfmul_vv/test_dest_eq_vs1vs2_without_mask/vs1-ebits-lmul-vlen-ldins-stins-vs1_name_2
vfmul_vv/test_dest_eq_vs1vs2_without_mask/vs1-ebits-lmul-vlen-ldins-stins-vs1_name_3
vfmul_vv/test_dest_eq_vs1vs2_without_mask/vs1-ebits-lmul-vlen-ldins-stins-vs1_name_4
vfmul_vv/test_dest_eq_vs1vs2_without_mask/vs1-ebits-lmul-vlen-ldins-stins-vs1_name_5
vfmul_vv/test_dest_eq_vs1vs2_without_mask/vs1-ebits-lmul-vlen-ldins-stins-vs1_name_6
vfmul_vv/test_dest_eq_vs1vs2_without_mask/vs1-ebits-lmul-vlen-ldins-stins-vs1_name_7
vfmul_vv/test_dest_eq_vs1vs2_without_mask/vs1-ebits-lmul-vlen-ldins-stins-vs1_name_8
vfmul_vv/test_dest_eq_vs1vs2_without_mask/vs1-ebits-lmul-vlen-ldins-stins-vs1_name_9
vfmul_vv/test_dest_eq_vs1vs2_without_mask/vs1-ebits-lmul-vlen-ldins-stins-vs1_name_10
vfmul_vv/test_dest_eq_vs1vs2_without_mask/vs1-ebits-lmul-vlen-ldins-stins-vs1_name_11
vfmul_vv/test_dest_eq_vs1vs2_without_mask/vs1-ebits-lmul-vlen-ldins-stins-vs1_name_12
vfmul_vv/test_dest_eq_vs1vs2_without_mask/vs1-ebits-lmul-vlen-ldins-stins-vs1_name_13
vfmul_vv/test_dest_eq_vs1vs2_without_mask/vs1-ebits-lmul-vlen-ldins-stins-vs1_name_14
vfmul_vv/test_basic_with_mask/vs1-vs2-mask-ebits-lmul-vlen-ldins-stins_0
vfmul_vv/test_basic_with_mask/vs1-vs2-mask-ebits-lmul-vlen-ldins-stins_1
vfmul_vv/test_basic_with_mask/vs1-vs2-mask-ebits-lmul-vlen-ldins-stins_2
vfmul_vv/test_basic_with_mask/vs1-vs2-mask-ebits-lmul-vlen-ldins-stins_3
vfmul_vv/test_basic_with_mask/vs1-vs2-mask-ebits-lmul-vlen-ldins-stins_4
vfmul_vv/test_basic_with_mask/vs1-vs2-mask-ebits-lmul-vlen-ldins-stins_5
vfmul_vv/test_basic_with_mask/vs1-vs2-mask-ebits-lmul-vlen-ldins-stins_6
vfmul_vv/test_basic_with_mask/vs1-vs2-mask-ebits-lmul-vlen-ldins-stins_7
vfmul_vv/test_basic_with_mask/vs1-vs2-mask-ebits-lmul-vlen-ldins-stins_8
vfmul_vv/test_basic_with_mask/vs1-vs2-mask-ebits-lmul-vlen-ldins-stins_9
vfmul_vv/test_basic_with_mask/vs1-vs2-mask-ebits-lmul-vlen-ldins-stins_10
vfmul_vv/test_basic_with_mask/vs1-vs2-mask-ebits-lmul-vlen-ldins-stins_11
vfmul_vv/test_basic_with_mask/vs1-vs2-mask-ebits-lmul-vlen-ldins-stins_12
vfmul_vv/test_basic_with_mask/vs1-vs2-mask-ebits-lmul-vlen-ldins-stins_13
vfmul_vv/test_basic_with_mask/vs1-vs2-mask-ebits-lmul-vlen-ldins-stins_14
vfmul_vv/test_basic_with_mask_mu/vs1-vs2-orig-mask-ebits-lmul-vlen-ldins-stins_0
vfmul_vv/test_basic_with_mask_mu/vs1-vs2-orig-mask-ebits-lmul-vlen-ldins-stins_1
vfmul_vv/test_basic_with_mask_mu/vs1-vs2-orig-mask-ebits-lmul-vlen-ldins-stins_2
vfmul_vv/test_basic_with_mask_mu/vs1-vs2-orig-mask-ebits-lmul-vlen-ldins-stins_3
vfmul_vv/test_basic_with_mask_mu/vs1-vs2-orig-mask-ebits-lmul-vlen-ldins-stins_4
vfmul_vv/test_basic_with_mask_mu/vs1-vs2-orig-mask-ebits-lmul-vlen-ldins-stins_5
vfmul_vv/test_basic_with_mask_mu/vs1-vs2-orig-mask-ebits-lmul-vlen-ldins-stins_6
vfmul_vv/test_basic_with_mask_mu/vs1-vs2-orig-mask-ebits-lmul-vlen-ldins-stins_7
vfmul_vv/test_basic_with_mask_mu/vs1-vs2-orig-mask-ebits-lmul-vlen-ldins-stins_8
vfmul_vv/test_basic_with_mask_mu/vs1-vs2-orig-mask-ebits-lmul-vlen-ldins-stins_9
vfmul_vv/test_basic_with_mask_mu/vs1-vs2-orig-mask-ebits-lmul-vlen-ldins-stins_10
vfmul_vv/test_basic_with_mask_mu/vs1-vs2-orig-mask-ebits-lmul-vlen-ldins-stins_11
vfmul_vv/test_basic_with_mask_mu/vs1-vs2-orig-mask-ebits-lmul-vlen-ldins-stins_12
vfmul_vv/test_basic_with_mask_mu/vs1-vs2-orig-mask-ebits-lmul-vlen-ldins-stins_13
vfmul_vv/test_basic_with_mask_mu/vs1-vs2-orig-mask-ebits-lmul-vlen-ldins-stins_14
vfmul_vv/test_vstart_not_eq_zero_without_mask/vs1-vs2-orig-ebits-lmul-vlen-ldins-stins-vstart_0
vfmul_vv/test_vstart_not_eq_zero_without_mask/vs1-vs2-orig-ebits-lmul-vlen-ldins-stins-vstart_1
vfmul_vv/test_vstart_not_eq_zero_without_mask/vs1-vs2-orig-ebits-lmul-vlen-ldins-stins-vstart_2
vfmul_vv/test_vstart_not_eq_zero_without_mask/vs1-vs2-orig-ebits-lmul-vlen-ldins-stins-vstart_3
vfmul_vv/test_vstart_not_eq_zero_without_mask/vs1-vs2-orig-ebits-lmul-vlen-ldins-stins-vstart_4
vfmul_vv/test_vstart_not_eq_zero_without_mask/vs1-vs2-orig-ebits-lmul-vlen-ldins-stins-vstart_5
vfmul_vv/test_vstart_not_eq_zero_without_mask/vs1-vs2-orig-ebits-lmul-vlen-ldins-stins-vstart_6
vfmul_vv/test_vstart_not_eq_zero_without_mask/vs1-vs2-orig-ebits-lmul-vlen-ldins-stins-vstart_7
vfmul_vv/test_vstart_not_eq_zero_without_mask/vs1-vs2-orig-ebits-lmul-vlen-ldins-stins-vstart_8
vfmul_vv/test_vstart_not_eq_zero_without_mask/vs1-vs2-orig-ebits-lmul-vlen-ldins-stins-vstart_9
vfmul_vv/test_vstart_not_eq_zero_without_mask/vs1-vs2-orig-ebits-lmul-vlen-ldins-stins-vstart_10
vfmul_vv/test_vstart_not_eq_zero_without_mask/vs1-vs2-orig-ebits-lmul-vlen-ldins-stins-vstart_11
vfmul_vv/test_vstart_not_eq_zero_without_mask/vs1-vs2-orig-ebits-lmul-vlen-ldins-stins-vstart_12
vfmul_vv/test_vstart_not_eq_zero_without_mask/vs1-vs2-orig-ebits-lmul-vlen-ldins-stins-vstart_13
vfmul_vv/test_vstart_not_eq_zero_without_mask/vs1-vs2-orig-ebits-lmul-vlen-ldins-stins-vstart_14
vfmul_vv/test_vstart_not_eq_zero_with_mask/vs1-vs2-orig-mask-ebits-lmul-vlen-ldins-stins-vstart_0
vfmul_vv/test_vstart_not_eq_zero_with_mask/vs1-vs2-orig-mask-ebits-lmul-vlen-ldins-stins-vstart_1
vfmul_vv/test_vstart_not_eq_zero_with_mask/vs1-vs2-orig-mask-ebits-lmul-vlen-ldins-stins-vstart_2
vfmul_vv/test_vstart_not_eq_zero_with_mask/vs1-vs2-orig-mask-ebits-lmul-vlen-ldins-stins-vstart_3
vfmul_vv/test_vstart_not_eq_zero_with_mask/vs1-vs2-orig-mask-ebits-lmul-vlen-ldins-stins-vstart_4
vfmul_vv/test_vstart_not_eq_zero_with_mask/vs1-vs2-orig-mask-ebits-lmul-vlen-ldins-stins-vstart_5
vfmul_vv/test_vstart_not_eq_zero_with_mask/vs1-vs2-orig-mask-ebits-lmul-vlen-ldins-stins-vstart_6
vfmul_vv/test_vstart_not_eq_zero_with_mask/vs1-vs2-orig-mask-ebits-lmul-vlen-ldins-stins-vstart_7
vfmul_vv/test_vstart_not_eq_zero_with_mask/vs1-vs2-orig-mask-ebits-lmul-vlen-ldins-stins-vstart_8
vfmul_vv/test_vstart_not_eq_zero_with_mask/vs1-vs2-orig-mask-ebits-lmul-vlen-ldins-stins-vstart_9
vfmul_vv/test_vstart_not_eq_zero_with_mask/vs1-vs2-orig-mask-ebits-lmul-vlen-ldins-stins-vstart_10
vfmul_vv/test_vstart_not_eq_zero_with_mask/vs1-vs2-orig-mask-ebits-lmul-vlen-ldins-stins-vstart_11
vfmul_vv/test_vstart_not_eq_zero_with_mask/vs1-vs2-orig-mask-ebits-lmul-vlen-ldins-stins-vstart_12
vfmul_vv/test_vstart_not_eq_zero_with_mask/vs1-vs2-orig-mask-ebits-lmul-vlen-ldins-stins-vstart_13
vfmul_vv/test_vstart_not_eq_zero_with_mask/vs1-vs2-orig-mask-ebits-lmul-vlen-ldins-stins-vstart_14
vfmul_vv/test_exception_wrong_sew_without_mask/sew-lmul-vlen_0
vfmul_vv/test_exception_wrong_sew_without_mask/sew-lmul-vlen_1
vfmul_vv/test_exception_wrong_sew_without_mask/sew-lmul-vlen_2
vfmul_vv/test_exception_wrong_sew_without_mask/sew-lmul-vlen_3
vfmul_vv/test_exception_wrong_sew_without_mask/sew-lmul-vlen_4
vfmul_vv/test_exception_wrong_sew_without_mask/sew-lmul-vlen_5
vfmul_vv/test_exception_wrong_sew_without_mask/sew-lmul-vlen_6
vfmul_vv/test_exception_wrong_sew_without_mask/sew-lmul-vlen_7
vfmul_vv/test_exception_wrong_sew_without_mask/sew-lmul-vlen_8
vfmul_vv/test_exception_wrong_sew_without_mask/sew-lmul-vlen_9
vfmul_vv/test_exception_wrong_sew_without_mask/sew-lmul-vlen_10
vfmul_vv/test_exception_wrong_sew_without_mask/sew-lmul-vlen_11
vfmul_vv/test_exception_wrong_sew_without_mask/sew-lmul-vlen_12
vfmul_vv/test_exception_wrong_sew_without_mask/sew-lmul-vlen_13
vfmul_vv/test_exception_wrong_sew_without_mask/sew-lmul-vlen_14
vfmul_vv/test_exception_lmul_vreg_no_without_mask/ebits-lmul-vlen-vs1_name-vs2_name-vd_name_0
vfmul_vv/test_exception_lmul_vreg_no_without_mask/ebits-lmul-vlen-vs1_name-vs2_name-vd_name_1
vfmul_vv/test_exception_lmul_vreg_no_without_mask/ebits-lmul-vlen-vs1_name-vs2_name-vd_name_2
vfmul_vv/test_exception_lmul_vreg_no_without_mask/ebits-lmul-vlen-vs1_name-vs2_name-vd_name_3
vfmul_vv/test_exception_lmul_vreg_no_without_mask/ebits-lmul-vlen-vs1_name-vs2_name-vd_name_4
vfmul_vv/test_exception_lmul_vreg_no_without_mask/ebits-lmul-vlen-vs1_name-vs2_name-vd_name_5
vfmul_vv/test_exception_lmul_vreg_no_without_mask/ebits-lmul-vlen-vs1_name-vs2_name-vd_name_6
vfmul_vv/test_exception_lmul_vreg_no_without_mask/ebits-lmul-vlen-vs1_name-vs2_name-vd_name_7
vfmul_vv/test_exception_lmul_vreg_no_without_mask/ebits-lmul-vlen-vs1_name-vs2_name-vd_name_8
vfdiv_vv/test_basic_without_mask/vs1-vs2-ebits-lmul-vlen-ldins-stins_0
vfdiv_vv/test_basic_without_mask/vs1-vs2-ebits-lmul-vlen-ldins-stins_1
vfdiv_vv/test_basic_without_mask/vs1-vs2-ebits-lmul-vlen-ldins-stins_2
vfdiv_vv/test_basic_without_mask/vs1-vs2-ebits-lmul-vlen-ldins-stins_3
vfdiv_vv/test_basic_without_mask/vs1-vs2-ebits-lmul-vlen-ldins-stins_4
vfdiv_vv/test_basic_without_mask/vs1-vs2-ebits-lmul-vlen-ldins-stins_5
vfdiv_vv/test_basic_without_mask/vs1-vs2-ebits-lmul-vlen-ldins-stins_6
vfdiv_vv/test_basic_without_mask/vs1-vs2-ebits-lmul-vlen-ldins-stins_7
vfdiv_vv/test_basic_without_mask/vs1-vs2-ebits-lmul-vlen-ldins-stins_8
vfdiv_vv/test_basic_without_mask/vs1-vs2-ebits-lmul-vlen-ldins-stins_9
vfdiv_vv/test_basic_without_mask/vs1-vs2-ebits-lmul-vlen-ldins-stins_10
vfdiv_vv/test_basic_without_mask/vs1-vs2-ebits-lmul-vlen-ldins-stins_11
vfdiv_vv/test_basic_without_mask/vs1-vs2-ebits-lmul-vlen-ldins-stins_12
vfdiv_vv/test_basic_without_mask/vs1-vs2-ebits-lmul-vlen-ldins-stins_13
vfdiv_vv/test_basic_without_mask/vs1-vs2-ebits-lmul-vlen-ldins-stins_14
vfdiv_vv/test_basic_without_mask/vs1-vs2-ebits-lmul-vlen-ldins-stins_15
vfdiv_vv/test_basic_without_mask/vs1-vs2-ebits-lmul-vlen-ldins-stins_16
vfdiv_vv/test_basic_without_mask/vs1-vs2-ebits-lmul-vlen-ldins-stins_17
vfdiv_vv/test_basic_without_mask/vs1-vs2-ebits-lmul-vlen-ldins-stins_18
vfdiv_vv/test_basic_without_mask/vs1-vs2-ebits-lmul-vlen-ldins-stins_19
vfdiv_vv/test_basic_without_mask/vs1-vs2-ebits-lmul-vlen-ldins-stins_20
vfdiv_vv/test_basic_without_mask/vs1-vs2-ebits-lmul-vlen-ldins-stins_21
vfdiv_vv/test_basic_without_mask/vs1-vs2-ebits-lmul-vlen-ldins-stins_22
vfdiv_vv/test_basic_without_mask/vs1-vs2-ebits-lmul-vlen-ldins-stins_23
vfdiv_vv/test_basic_without_mask/vs1-vs2-ebits-lmul-vlen-ldins-stins_24
vfdiv_vv/test_basic_without_mask/vs1-vs2-ebits-lmul-vlen-ldins-stins_25
vfdiv_vv/test_basic_without_mask/vs1-vs2-ebits-lmul-vlen-ldins-stins_26
vfdiv_vv/test_basic_without_mask/vs1-vs2-ebits-lmul-vlen-ldins-stins_27
vfdiv_vv/test_basic_without_mask/vs1-vs2-ebits-lmul-vlen-ldins-stins_28
vfdiv_vv/test_basic_without_mask/vs1-vs2-ebits-lmul-vlen-ldins-stins_29
vfdiv_vv/test_basic_without_mask/vs1-vs2-ebits-lmul-vlen-ldins-stins_30
vfdiv_vv/test_basic_without_mask/vs1-vs2-ebits-lmul-vlen-ldins-stins_31
vfdiv_vv/test_basic_without_mask/vs1-vs2-ebits-lmul-vlen-ldins-stins_32
vfdiv_vv/test_basic_without_mask/vs1-vs2-ebits-lmul-vlen-ldins-stins_33
vfdiv_vv/test_basic_without_mask/vs1-vs2-ebits-lmul-vlen-ldins-stins_34
vfdiv_vv/test_basic_without_mask/vs1-vs2-ebits-lmul-vlen-ldins-stins_35
vfdiv_vv/test_basic_without_mask/vs1-vs2-ebits-lmul-vlen-ldins-stins_36
vfdiv_vv/test_basic_without_mask/vs1-vs2-ebits-lmul-vlen-ldins-stins_37
vfdiv_vv/test_basic_without_mask/vs1-vs2-ebits-lmul-vlen-ldins-stins_38
vfdiv_vv/test_basic_without_mask/vs1-vs2-ebits-lmul-vlen-ldins-stins_39
vfdiv_vv/test_basic_without_mask/vs1-vs2-ebits-lmul-vlen-ldins-stins_40
vfdiv_vv/test_basic_without_mask/vs1-vs2-ebits-lmul-vlen-ldins-stins_41
vfdiv_vv/test_basic_without_mask/vs1-vs2-ebits-lmul-vlen-ldins-stins_42
vfdiv_vv/test_basic_without_mask/vs1-vs2-ebits-lmul-vlen-ldins-stins_43
vfdiv_vv/test_basic_without_mask/vs1-vs2-ebits-lmul-vlen-ldins-stins_44
vfdiv_vv/test_basic_without_mask/vs1-vs2-ebits-lmul-vlen-ldins-stins_45
vfdiv_vv/test_basic_without_mask/vs1-vs2-ebits-lmul-vlen-ldins-stins_46
vfdiv_vv/test_basic_without_mask/vs1-vs2-ebits-lmul-vlen-ldins-stins_47
vfdiv_vv/test_basic_without_mask/vs1-vs2-ebits-lmul-vlen-ldins-stins_48
vfdiv_vv/test_basic_without_mask/vs1-vs2-ebits-lmul-vlen-ldins-stins_49
vfdiv_vv/test_basic_without_mask/vs1-vs2-ebits-lmul-vlen-ldins-stins_50
vfdiv_vv/test_basic_without_mask/vs1-vs2-ebits-lmul-vlen-ldins-stins_51
vfdiv_vv/test_basic_without_mask/vs1-vs2-ebits-lmul-vlen-ldins-stins_52
vfdiv_vv/test_basic_without_mask/vs1-vs2-ebits-lmul-vlen-ldins-stins_53
vfdiv_vv/test_basic_without_mask/vs1-vs2-ebits-lmul-vlen-ldins-stins_54
vfdiv_vv/test_basic_without_mask/vs1-vs2-ebits-lmul-vlen-ldins-stins_55
vfdiv_vv/test_basic_without_mask/vs1-vs2-ebits-lmul-vlen-ldins-stins_56
vfdiv_vv/test_basic_without_mask/vs1-vs2-ebits-lmul-vlen-ldins-stins_57
vfdiv_vv/test_basic_without_mask/vs1-vs2-ebits-lmul-vlen-ldins-stins_58
vfdiv_vv/test_basic_without_mask/vs1-vs2-ebits-lmul-vlen-ldins-stins_59
vfdiv_vv/test_basic_without_mask_regression/vs1-vs2-ebits-lmul-vlen-ldins-stins_0
vfdiv_vv/test_basic_without_mask_regression/vs1-vs2-ebits-lmul-vlen-ldins-stins_1
vfdiv_vv/test_basic_without_mask_regression/vs1-vs2-ebits-lmul-vlen-ldins-stins_2
vfdiv_vv/test_basic_without_mask_regression/vs1-vs2-ebits-lmul-vlen-ldins-stins_3
vfdiv_vv/test_basic_without_mask_regression/vs1-vs2-ebits-lmul-vlen-ldins-stins_4
vfdiv_vv/test_basic_without_mask_regression/vs1-vs2-ebits-lmul-vlen-ldins-stins_5
vfdiv_vv/test_basic_without_mask_regression/vs1-vs2-ebits-lmul-vlen-ldins-stins_6
vfdiv_vv/test_basic_without_mask_regression/vs1-vs2-ebits-lmul-vlen-ldins-stins_7
vfdiv_vv/test_basic_without_mask_regression/vs1-vs2-ebits-lmul-vlen-ldins-stins_8
vfdiv_vv/test_basic_without_mask_regression/vs1-vs2-ebits-lmul-vlen-ldins-stins_9
vfdiv_vv/test_basic_without_mask_regression/vs1-vs2-ebits-lmul-vlen-ldins-stins_10
vfdiv_vv/test_basic_without_mask_regression/vs1-vs2-ebits-lmul-vlen-ldins-stins_11
vfdiv_vv/test_basic_without_mask_regression/vs1-vs2-ebits-lmul-vlen-ldins-stins_12
vfdiv_vv/test_basic_without_mask_regression/vs1-vs2-ebits-lmul-vlen-ldins-stins_13
vfdiv_vv/test_basic_without_mask_regression/vs1-vs2-ebits-lmul-vlen-ldins-stins_14
vfdiv_vv/test_special_without_mask/vs1-vs2-ebits-lmul-vlen-ldins-stins_0
vfdiv_vv/test_special_without_mask/vs1-vs2-ebits-lmul-vlen-ldins-stins_1
vfdiv_vv/test_special_without_mask/vs1-vs2-ebits-lmul-vlen-ldins-stins_2
vfdiv_vv/test_vta_eq_tu_without_mask/vs1-vs2-orig-ebits-lmul-vlen-ldins-stins_0
vfdiv_vv/test_vta_eq_tu_without_mask/vs1-vs2-orig-ebits-lmul-vlen-ldins-stins_1
vfdiv_vv/test_vta_eq_tu_without_mask/vs1-vs2-orig-ebits-lmul-vlen-ldins-stins_2
vfdiv_vv/test_vta_eq_tu_without_mask/vs1-vs2-orig-ebits-lmul-vlen-ldins-stins_3
vfdiv_vv/test_vta_eq_tu_without_mask/vs1-vs2-orig-ebits-lmul-vlen-ldins-stins_4
vfdiv_vv/test_vta_eq_tu_without_mask/vs1-vs2-orig-ebits-lmul-vlen-ldins-stins_5
vfdiv_vv/test_vta_eq_tu_without_mask/vs1-vs2-orig-ebits-lmul-vlen-ldins-stins_6
vfdiv_vv/test_vta_eq_tu_without_mask/vs1-vs2-orig-ebits-lmul-vlen-ldins-stins_7
vfdiv_vv/test_vta_eq_tu_without_mask/vs1-vs2-orig-ebits-lmul-vlen-ldins-stins_8
vfdiv_vv/test_vta_eq_tu_without_mask/vs1-vs2-orig-ebits-lmul-vlen-ldins-stins_9
vfdiv_vv/test_vta_eq_tu_without_mask/vs1-vs2-orig-ebits-lmul-vlen-ldins-stins_10
vfdiv_vv/test_vta_eq_tu_without_mask/vs1-vs2-orig-ebits-lmul-vlen-ldins-stins_11
vfdiv_vv/test_vta_eq_tu_without_mask/vs1-vs2-orig-ebits-lmul-vlen-ldins-stins_12
vfdiv_vv/test_vta_eq_tu_without_mask/vs1-vs2-orig-ebits-lmul-vlen-ldins-stins_13
vfdiv_vv/test_vta_eq_tu_without_mask/vs1-vs2-orig-ebits-lmul-vlen-ldins-stins_14
vfdiv_vv/test_rounding_mode_without_mask/vs1-vs2-ebits-lmul-vlen-ldins-stins-frm_0
vfdiv_vv/test_rounding_mode_without_mask/vs1-vs2-ebits-lmul-vlen-ldins-stins-frm_1
vfdiv_vv/test_rounding_mode_without_mask/vs1-vs2-ebits-lmul-vlen-ldins-stins-frm_2
vfdiv_vv/test_rounding_mode_without_mask/vs1-vs2-ebits-lmul-vlen-ldins-stins-frm_3
vfdiv_vv/test_rounding_mode_without_mask/vs1-vs2-ebits-lmul-vlen-ldins-stins-frm_4
vfdiv_vv/test_rounding_mode_without_mask/vs1-vs2-ebits-lmul-vlen-ldins-stins-frm_5
vfdiv_vv/test_rounding_mode_without_mask/vs1-vs2-ebits-lmul-vlen-ldins-stins-frm_6
vfdiv_vv/test_rounding_mode_without_mask/vs1-vs2-ebits-lmul-vlen-ldins-stins-frm_7
vfdiv_vv/test_rounding_mode_without_mask/vs1-vs2-ebits-lmul-vlen-ldins-stins-frm_8
vfdiv_vv/test_rounding_mode_without_mask/vs1-vs2-ebits-lmul-vlen-ldins-stins-frm_9
vfdiv_vv/test_rounding_mode_without_mask/vs1-vs2-ebits-lmul-vlen-ldins-stins-frm_10
vfdiv_vv/test_rounding_mode_without_mask/vs1-vs2-ebits-lmul-vlen-ldins-stins-frm_11
vfdiv_vv/test_rounding_mode_without_mask/vs1-vs2-ebits-lmul-vlen-ldins-stins-frm_12
vfdiv_vv/test_rounding_mode_without_mask/vs1-vs2-ebits-lmul-vlen-ldins-stins-frm_13
vfdiv_vv/test_rounding_mode_without_mask/vs1-vs2-ebits-lmul-vlen-ldins-stins-frm_14
vfdiv_vv/test_vs1_eq_vs2_without_mask/vs1-ebits-lmul-vlen-ldins-stins-vs1_name-vd_name_0
vfdiv_vv/test_vs1_eq_vs2_without_mask/vs1-ebits-lmul-vlen-ldins-stins-vs1_name-vd_name_1
vfdiv_vv/test_vs1_eq_vs2_without_mask/vs1-ebits-lmul-vlen-ldins-stins-vs1_name-vd_name_2
vfdiv_vv/test_vs1_eq_vs2_without_mask/vs1-ebits-lmul-vlen-ldins-stins-vs1_name-vd_name_3
vfdiv_vv/test_vs1_eq_vs2_without_mask/vs1-ebits-lmul-vlen-ldins-stins-vs1_name-vd_name_4
vfdiv_vv/test_vs1_eq_vs2_without_mask/vs1-ebits-lmul-vlen-ldins-stins-vs1_name-vd_name_5
vfdiv_vv/test_vs1_eq_vs2_without_mask/vs1-ebits-lmul-vlen-ldins-stins-vs1_name-vd_name_6
vfdiv_vv/test_vs1_eq_vs2_without_mask/vs1-ebits-lmul-vlen-ldins-stins-vs1_name-vd_name_7
vfdiv_vv/test_vs1_eq_vs2_without_mask/vs1-ebits-lmul-vlen-ldins-stins-vs1_name-vd_name_8
vfdiv_vv/test_vs1_eq_vs2_without_mask/vs1-ebits-lmul-vlen-ldins-stins-vs1_name-vd_name_9
vfdiv_vv/test_vs1_eq_vs2_without_mask/vs1-ebits-lmul-vlen-ldins-stins-vs1_name-vd_name_10
vfdiv_vv/test_vs1_eq_vs2_without_mask/vs1-ebits-lmul-vlen-ldins-stins-vs1_name-vd_name_11
vfdiv_vv/test_vs1_eq_vs2_without_mask/vs1-ebits-lmul-vlen-ldins-stins-vs1_name-vd_name_12
vfdiv_vv/test_vs1_eq_vs2_without_mask/vs1-ebits-lmul-vlen-ldins-stins-vs1_name-vd_name_13
vfdiv_vv/test_vs1_eq_vs2_without_mask/vs1-ebits-lmul-vlen-ldins-stins-vs1_name-vd_name_14
vfdiv_vv/test_dest_eq_vs1_without_mask/vs1-vs2-ebits-lmul-vlen-ldins-stins-vs1_name-vs2_name_0
vfdiv_vv/test_dest_eq_vs1_without_mask/vs1-vs2-ebits-lmul-vlen-ldins-stins-vs1_name-vs2_name_1
vfdiv_vv/test_dest_eq_vs1_without_mask/vs1-vs2-ebits-lmul-vlen-ldins-stins-vs1_name-vs2_name_2
vfdiv_vv/test_dest_eq_vs1_without_mask/vs1-vs2-ebits-lmul-vlen-ldins-stins-vs1_name-vs2_name_3
vfdiv_vv/test_dest_eq_vs1_without_mask/vs1-vs2-ebits-lmul-vlen-ldins-stins-vs1_name-vs2_name_4
vfdiv_vv/test_dest_eq_vs1_without_mask/vs1-vs2-ebits-lmul-vlen-ldins-stins-vs1_name-vs2_name_5
vfdiv_vv/test_dest_eq_vs1_without_mask/vs1-vs2-ebits-lmul-vlen-ldins-stins-vs1_name-vs2_name_6
vfdiv_vv/test_dest_eq_vs1_without_mask/vs1-vs2-ebits-lmul-vlen-ldins-stins-vs1_name-vs2_name_7
vfdiv_vv/test_dest_eq_vs1_without_mask/vs1-vs2-ebits-lmul-vlen-ldins-stins-vs1_name-vs2_name_8
vfdiv_vv/test_dest_eq_vs1_without_mask/vs1-vs2-ebits-lmul-vlen-ldins-stins-vs1_name-vs2_name_9
vfdiv_vv/test_dest_eq_vs1_without_mask/vs1-vs2-ebits-lmul-vlen-ldins-stins-vs1_name-vs2_name_10
vfdiv_vv/test_dest_eq_vs1_without_mask/vs1-vs2-ebits-lmul-vlen-ldins-stins-vs1_name-vs2_name_11
vfdiv_vv/test_dest_eq_vs1_without_mask/vs1-vs2-ebits-lmul-vlen-ldins-stins-vs1_name-vs2_name_12
vfdiv_vv/test_dest_eq_vs1_without_mask/vs1-vs2-ebits-lmul-vlen-ldins-stins-vs1_name-vs2_name_13
vfdiv_vv/test_dest_eq_vs1_without_mask/vs1-vs2-ebits-lmul-vlen-ldins-stins-vs1_name-vs2_name_14
vfdiv_vv/test_dest_eq_vs2_without_mask/vs1-vs2-ebits-lmul-vlen-ldins-stins-vs1_name-vs2_name_0
vfdiv_vv/test_dest_eq_vs2_without_mask/vs1-vs2-ebits-lmul-vlen-ldins-stins-vs1_name-vs2_name_1
vfdiv_vv/test_dest_eq_vs2_without_mask/vs1-vs2-ebits-lmul-vlen-ldins-stins-vs1_name-vs2_name_2
vfdiv_vv/test_dest_eq_vs2_without_mask/vs1-vs2-ebits-lmul-vlen-ldins-stins-vs1_name-vs2_name_3
vfdiv_vv/test_dest_eq_vs2_without_mask/vs1-vs2-ebits-lmul-vlen-ldins-stins-vs1_name-vs2_name_4
vfdiv_vv/test_dest_eq_vs2_without_mask/vs1-vs2-ebits-lmul-vlen-ldins-stins-vs1_name-vs2_name_5
vfdiv_vv/test_dest_eq_vs2_without_mask/vs1-vs2-ebits-lmul-vlen-ldins-stins-vs1_name-vs2_name_6
vfdiv_vv/test_dest_eq_vs2_without_mask/vs1-vs2-ebits-lmul-vlen-ldins-stins-vs1_name-vs2_name_7
vfdiv_vv/test_dest_eq_vs2_without_mask/vs1-vs2-ebits-lmul-vlen-ldins-stins-vs1_name-vs2_name_8
vfdiv_vv/test_dest_eq_vs2_without_mask/vs1-vs2-ebits-lmul-vlen-ldins-stins-vs1_name-vs2_name_9
vfdiv_vv/test_dest_eq_vs2_without_mask/vs1-vs2-ebits-lmul-vlen-ldins-stins-vs1_name-vs2_name_10
vfdiv_vv/test_dest_eq_vs2_without_mask/vs1-vs2-ebits-lmul-vlen-ldins-stins-vs1_name-vs2_name_11
vfdiv_vv/test_dest_eq_vs2_without_mask/vs1-vs2-ebits-lmul-vlen-ldins-stins-vs1_name-vs2_name_12
vfdiv_vv/test_dest_eq_vs2_without_mask/vs1-vs2-ebits-lmul-vlen-ldins-stins-vs1_name-vs2_name_13
vfdiv_vv/test_dest_eq_vs2_without_mask/vs1-vs2-ebits-lmul-vlen-ldins-stins-vs1_name-vs2_name_14
vfdiv_vv/test_dest_eq_vs1vs2_without_mask/vs1-ebits-lmul-vlen-ldins-stins-vs1_name_0
vfdiv_vv/test_dest_eq_vs1vs2_without_mask/vs1-ebits-lmul-vlen-ldins-stins-vs1_name_1
vfdiv_vv/test_dest_eq_vs1vs2_without_mask/vs1-ebits-lmul-vlen-ldins-stins-vs1_name_2
vfdiv_vv/test_dest_eq_vs1vs2_without_mask/vs1-ebits-lmul-vlen-ldins-stins-vs1_name_3
vfdiv_vv/test_dest_eq_vs1vs2_without_mask/vs1-ebits-lmul-vlen-ldins-stins-vs1_name_4
vfdiv_vv/test_dest_eq_vs1vs2_without_mask/vs1-ebits-lmul-vlen-ldins-stins-vs1_name_5
vfdiv_vv/test_dest_eq_vs1vs2_without_mask/vs1-ebits-lmul-vlen-ldins-stins-vs1_name_6
vfdiv_vv/test_dest_eq_vs1vs2_without_mask/vs1-ebits-lmul-vlen-ldins-stins-vs1_name_7
vfdiv_vv/test_dest_eq_vs1vs2_without_mask/vs1-ebits-lmul-vlen-ldins-stins-vs1_name_8
vfdiv_vv/test_dest_eq_vs1vs2_without_mask/vs1-ebits-lmul-vlen-ldins-stins-vs1_name_9
vfdiv_vv/test_dest_eq_vs1vs2_without_mask/vs1-ebits-lmul-vlen-ldins-stins-vs1_name_10
vfdiv_vv/test_dest_eq_vs1vs2_without_mask/vs1-ebits-lmul-vlen-ldins-stins-vs1_name_11
vfdiv_vv/test_dest_eq_vs1vs2_without_mask/vs1-ebits-lmul-vlen-ldins-stins-vs1_name_12
vfdiv_vv/test_dest_eq_vs1vs2_without_mask/vs1-ebits-lmul-vlen-ldins-stins-vs1_name_13
vfdiv_vv/test_dest_eq_vs1vs2_without_mask/vs1-ebits-lmul-vlen-ldins-stins-vs1_name_14
vfdiv_vv/test_basic_with_mask/vs1-vs2-mask-ebits-lmul-vlen-ldins-stins_0
vfdiv_vv/test_basic_with_mask/vs1-vs2-mask-ebits-lmul-vlen-ldins-stins_1
vfdiv_vv/test_basic_with_mask/vs1-vs2-mask-ebits-lmul-vlen-ldins-stins_2
vfdiv_vv/test_basic_with_mask/vs1-vs2-mask-ebits-lmul-vlen-ldins-stins_3
vfdiv_vv/test_basic_with_mask/vs1-vs2-mask-ebits-lmul-vlen-ldins-stins_4
vfdiv_vv/test_basic_with_mask/vs1-vs2-mask-ebits-lmul-vlen-ldins-stins_5
vfdiv_vv/test_basic_with_mask/vs1-vs2-mask-ebits-lmul-vlen-ldins-stins_6
vfdiv_vv/test_basic_with_mask/vs1-vs2-mask-ebits-lmul-vlen-ldins-stins_7
vfdiv_vv/test_basic_with_mask/vs1-vs2-mask-ebits-lmul-vlen-ldins-stins_8
vfdiv_vv/test_basic_with_mask/vs1-vs2-mask-ebits-lmul-vlen-ldins-stins_9
vfdiv_vv/test_basic_with_mask/vs1-vs2-mask-ebits-lmul-vlen-ldins-stins_10
vfdiv_vv/test_basic_with_mask/vs1-vs2-mask-ebits-lmul-vlen-ldins-stins_11
vfdiv_vv/test_basic_with_mask/vs1-vs2-mask-ebits-lmul-vlen-ldins-stins_12
vfdiv_vv/test_basic_with_mask/vs1-vs2-mask-ebits-lmul-vlen-ldins-stins_13
vfdiv_vv/test_basic_with_mask/vs1-vs2-mask-ebits-lmul-vlen-ldins-stins_14
vfdiv_vv/test_basic_with_mask_mu/vs1-vs2-orig-mask-ebits-lmul-vlen-ldins-stins_0
vfdiv_vv/test_basic_with_mask_mu/vs1-vs2-orig-mask-ebits-lmul-vlen-ldins-stins_1
vfdiv_vv/test_basic_with_mask_mu/vs1-vs2-orig-mask-ebits-lmul-vlen-ldins-stins_2
vfdiv_vv/test_basic_with_mask_mu/vs1-vs2-orig-mask-ebits-lmul-vlen-ldins-stins_3
vfdiv_vv/test_basic_with_mask_mu/vs1-vs2-orig-mask-ebits-lmul-vlen-ldins-stins_4
vfdiv_vv/test_basic_with_mask_mu/vs1-vs2-orig-mask-ebits-lmul-vlen-ldins-stins_5
vfdiv_vv/test_basic_with_mask_mu/vs1-vs2-orig-mask-ebits-lmul-vlen-ldins-stins_6
vfdiv_vv/test_basic_with_mask_mu/vs1-vs2-orig-mask-ebits-lmul-vlen-ldins-stins_7
vfdiv_vv/test_basic_with_mask_mu/vs1-vs2-orig-mask-ebits-lmul-vlen-ldins-stins_8
vfdiv_vv/test_basic_with_mask_mu/vs1-vs2-orig-mask-ebits-lmul-vlen-ldins-stins_9
vfdiv_vv/test_basic_with_mask_mu/vs1-vs2-orig-mask-ebits-lmul-vlen-ldins-stins_10
vfdiv_vv/test_basic_with_mask_mu/vs1-vs2-orig-mask-ebits-lmul-vlen-ldins-stins_11
vfdiv_vv/test_basic_with_mask_mu/vs1-vs2-orig-mask-ebits-lmul-vlen-ldins-stins_12
vfdiv_vv/test_basic_with_mask_mu/vs1-vs2-orig-mask-ebits-lmul-vlen-ldins-stins_13
vfdiv_vv/test_basic_with_mask_mu/vs1-vs2-orig-mask-ebits-lmul-vlen-ldins-stins_14
vfdiv_vv/test_vstart_not_eq_zero_without_mask/vs1-vs2-orig-ebits-lmul-vlen-ldins-stins-vstart_0
vfdiv_vv/test_vstart_not_eq_zero_without_mask/vs1-vs2-orig-ebits-lmul-vlen-ldins-stins-vstart_1
vfdiv_vv/test_vstart_not_eq_zero_without_mask/vs1-vs2-orig-ebits-lmul-vlen-ldins-stins-vstart_2
vfdiv_vv/test_vstart_not_eq_zero_without_mask/vs1-vs2-orig-ebits-lmul-vlen-ldins-stins-vstart_3
vfdiv_vv/test_vstart_not_eq_zero_without_mask/vs1-vs2-orig-ebits-lmul-vlen-ldins-stins-vstart_4
vfdiv_vv/test_vstart_not_eq_zero_without_mask/vs1-vs2-orig-ebits-lmul-vlen-ldins-stins-vstart_5
vfdiv_vv/test_vstart_not_eq_zero_without_mask/vs1-vs2-orig-ebits-lmul-vlen-ldins-stins-vstart_6
vfdiv_vv/test_vstart_not_eq_zero_without_mask/vs1-vs2-orig-ebits-lmul-vlen-ldins-stins-vstart_7
vfdiv_vv/test_vstart_not_eq_zero_without_mask/vs1-vs2-orig-ebits-lmul-vlen-ldins-stins-vstart_8
vfdiv_vv/test_vstart_not_eq_zero_without_mask/vs1-vs2-orig-ebits-lmul-vlen-ldins-stins-vstart_9
vfdiv_vv/test_vstart_not_eq_zero_without_mask/vs1-vs2-orig-ebits-lmul-vlen-ldins-stins-vstart_10
vfdiv_vv/test_vstart_not_eq_zero_without_mask/vs1-vs2-orig-ebits-lmul-vlen-ldins-stins-vstart_11
vfdiv_vv/test_vstart_not_eq_zero_without_mask/vs1-vs2-orig-ebits-lmul-vlen-ldins-stins-vstart_12
vfdiv_vv/test_vstart_not_eq_zero_without_mask/vs1-vs2-orig-ebits-lmul-vlen-ldins-stins-vstart_13
vfdiv_vv/test_vstart_not_eq_zero_without_mask/vs1-vs2-orig-ebits-lmul-vlen-ldins-stins-vstart_14
vfdiv_vv/test_vstart_not_eq_zero_with_mask/vs1-vs2-orig-mask-ebits-lmul-vlen-ldins-stins-vstart_0
vfdiv_vv/test_vstart_not_eq_zero_with_mask/vs1-vs2-orig-mask-ebits-lmul-vlen-ldins-stins-vstart_1
vfdiv_vv/test_vstart_not_eq_zero_with_mask/vs1-vs2-orig-mask-ebits-lmul-vlen-ldins-stins-vstart_2
vfdiv_vv/test_vstart_not_eq_zero_with_mask/vs1-vs2-orig-mask-ebits-lmul-vlen-ldins-stins-vstart_3
vfdiv_vv/test_vstart_not_eq_zero_with_mask/vs1-vs2-orig-mask-ebits-lmul-vlen-ldins-stins-vstart_4
vfdiv_vv/test_vstart_not_eq_zero_with_mask/vs1-vs2-orig-mask-ebits-lmul-vlen-ldins-stins-vstart_5
vfdiv_vv/test_vstart_not_eq_zero_with_mask/vs1-vs2-orig-mask-ebits-lmul-vlen-ldins-stins-vstart_6
vfdiv_vv/test_vstart_not_eq_zero_with_mask/vs1-vs2-orig-mask-ebits-lmul-vlen-ldins-stins-vstart_7
vfdiv_vv/test_vstart_not_eq_zero_with_mask/vs1-vs2-orig-mask-ebits-lmul-vlen-ldins-stins-vstart_8
vfdiv_vv/test_vstart_not_eq_zero_with_mask/vs1-vs2-orig-mask-ebits-lmul-vlen-ldins-stins-vstart_9
vfdiv_vv/test_vstart_not_eq_zero_with_mask/vs1-vs2-orig-mask-ebits-lmul-vlen-ldins-stins-vstart_10
vfdiv_vv/test_vstart_not_eq_zero_with_mask/vs1-vs2-orig-mask-ebits-lmul-vlen-ldins-stins-vstart_11
vfdiv_vv/test_vstart_not_eq_zero_with_mask/vs1-vs2-orig-mask-ebits-lmul-vlen-ldins-stins-vstart_12
vfdiv_vv/test_vstart_not_eq_zero_with_mask/vs1-vs2-orig-mask-ebits-lmul-vlen-ldins-stins-vstart_13
vfdiv_vv/test_vstart_not_eq_zero_with_mask/vs1-vs2-orig-mask-ebits-lmul-vlen-ldins-stins-vstart_14
vfdiv_vv/test_exception_wrong_sew_without_mask/sew-lmul-vlen_0
vfdiv_vv/test_exception_wrong_sew_without_mask/sew-lmul-vlen_1
vfdiv_vv/test_exception_wrong_sew_without_mask/sew-lmul-vlen_2
vfdiv_vv/test_exception_wrong_sew_without_mask/sew-lmul-vlen_3
vfdiv_vv/test_exception_wrong_sew_without_mask/sew-lmul-vlen_4
vfdiv_vv/test_exception_wrong_sew_without_mask/sew-lmul-vlen_5
vfdiv_vv/test_exception_wrong_sew_without_mask/sew-lmul-vlen_6
vfdiv_vv/test_exception_wrong_sew_without_mask/sew-lmul-vlen_7
vfdiv_vv/test_exception_wrong_sew_without_mask/sew-lmul-vlen_8
vfdiv_vv/test_exception_wrong_sew_without_mask/sew-lmul-vlen_9
vfdiv_vv/test_exception_wrong_sew_without_mask/sew-lmul-vlen_10
vfdiv_vv/test_exception_wrong_sew_without_mask/sew-lmul-vlen_11
vfdiv_vv/test_exception_wrong_sew_without_mask/sew-lmul-vlen_12
vfdiv_vv/test_exception_wrong_sew_without_mask/sew-lmul-vlen_13
vfdiv_vv/test_exception_wrong_sew_without_mask/sew-lmul-vlen_14
vfdiv_vv/test_exception_lmul_vreg_no_without_mask/ebits-lmul-vlen-vs1_name-vs2_name-vd_name_0
vfdiv_vv/test_exception_lmul_vreg_no_without_mask/ebits-lmul-vlen-vs1_name-vs2_name-vd_name_1
vfdiv_vv/test_exception_lmul_vreg_no_without_mask/ebits-lmul-vlen-vs1_name-vs2_name-vd_name_2
vfdiv_vv/test_exception_lmul_vreg_no_without_mask/ebits-lmul-vlen-vs1_name-vs2_name-vd_name_3
vfdiv_vv/test_exception_lmul_vreg_no_without_mask/ebits-lmul-vlen-vs1_name-vs2_name-vd_name_4
vfdiv_vv/test_exception_lmul_vreg_no_without_mask/ebits-lmul-vlen-vs1_name-vs2_name-vd_name_5
vfdiv_vv/test_exception_lmul_vreg_no_without_mask/ebits-lmul-vlen-vs1_name-vs2_name-vd_name_6
vfdiv_vv/test_exception_lmul_vreg_no_without_mask/ebits-lmul-vlen-vs1_name-vs2_name-vd_name_7
vfdiv_vv/test_exception_lmul_vreg_no_without_mask/ebits-lmul-vlen-vs1_name-vs2_name-vd_name_8
