PASS vfadd_vv/test_basic_without_mask/vs1-vs2-ebits-lmul-vlen-ldins-stins_0
PASS vfadd_vv/test_basic_without_mask/vs1-vs2-ebits-lmul-vlen-ldins-stins_1
PASS vfadd_vv/test_basic_without_mask/vs1-vs2-ebits-lmul-vlen-ldins-stins_2
PASS vfadd_vv/test_basic_without_mask/vs1-vs2-ebits-lmul-vlen-ldins-stins_3
PASS vfadd_vv/test_basic_without_mask/vs1-vs2-ebits-lmul-vlen-ldins-stins_4
PASS vfadd_vv/test_basic_without_mask/vs1-vs2-ebits-lmul-vlen-ldins-stins_5
PASS vfadd_vv/test_basic_without_mask/vs1-vs2-ebits-lmul-vlen-ldins-stins_6
PASS vfadd_vv/test_basic_without_mask/vs1-vs2-ebits-lmul-vlen-ldins-stins_7
PASS vfadd_vv/test_basic_without_mask/vs1-vs2-ebits-lmul-vlen-ldins-stins_8
PASS vfadd_vv/test_basic_without_mask/vs1-vs2-ebits-lmul-vlen-ldins-stins_9
PASS vfadd_vv/test_basic_without_mask/vs1-vs2-ebits-lmul-vlen-ldins-stins_10
PASS vfadd_vv/test_basic_without_mask/vs1-vs2-ebits-lmul-vlen-ldins-stins_11
PASS vfadd_vv/test_basic_without_mask/vs1-vs2-ebits-lmul-vlen-ldins-stins_12
PASS vfadd_vv/test_basic_without_mask/vs1-vs2-ebits-lmul-vlen-ldins-stins_13
PASS vfadd_vv/test_basic_without_mask/vs1-vs2-ebits-lmul-vlen-ldins-stins_14
PASS vfadd_vv/test_basic_without_mask/vs1-vs2-ebits-lmul-vlen-ldins-stins_15
PASS vfadd_vv/test_basic_without_mask/vs1-vs2-ebits-lmul-vlen-ldins-stins_16
PASS vfadd_vv/test_basic_without_mask/vs1-vs2-ebits-lmul-vlen-ldins-stins_17
PASS vfadd_vv/test_basic_without_mask/vs1-vs2-ebits-lmul-vlen-ldins-stins_18
PASS vfadd_vv/test_basic_without_mask/vs1-vs2-ebits-lmul-vlen-ldins-stins_19
PASS vfadd_vv/test_basic_without_mask/vs1-vs2-ebits-lmul-vlen-ldins-stins_20
PASS vfadd_vv/test_basic_without_mask/vs1-vs2-ebits-lmul-vlen-ldins-stins_21
PASS vfadd_vv/test_basic_without_mask/vs1-vs2-ebits-lmul-vlen-ldins-stins_22
PASS vfadd_vv/test_basic_without_mask/vs1-vs2-ebits-lmul-vlen-ldins-stins_23
PASS vfadd_vv/test_basic_without_mask/vs1-vs2-ebits-lmul-vlen-ldins-stins_24
PASS vfadd_vv/test_basic_without_mask/vs1-vs2-ebits-lmul-vlen-ldins-stins_25
PASS vfadd_vv/test_basic_without_mask/vs1-vs2-ebits-lmul-vlen-ldins-stins_26
PASS vfadd_vv/test_basic_without_mask/vs1-vs2-ebits-lmul-vlen-ldins-stins_27
PASS vfadd_vv/test_basic_without_mask/vs1-vs2-ebits-lmul-vlen-ldins-stins_28
PASS vfadd_vv/test_basic_without_mask/vs1-vs2-ebits-lmul-vlen-ldins-stins_29
PASS vfadd_vv/test_basic_without_mask/vs1-vs2-ebits-lmul-vlen-ldins-stins_30
PASS vfadd_vv/test_basic_without_mask/vs1-vs2-ebits-lmul-vlen-ldins-stins_31
PASS vfadd_vv/test_basic_without_mask/vs1-vs2-ebits-lmul-vlen-ldins-stins_32
PASS vfadd_vv/test_basic_without_mask/vs1-vs2-ebits-lmul-vlen-ldins-stins_33
PASS vfadd_vv/test_basic_without_mask/vs1-vs2-ebits-lmul-vlen-ldins-stins_34
PASS vfadd_vv/test_basic_without_mask/vs1-vs2-ebits-lmul-vlen-ldins-stins_35
PASS vfadd_vv/test_basic_without_mask/vs1-vs2-ebits-lmul-vlen-ldins-stins_36
PASS vfadd_vv/test_basic_without_mask/vs1-vs2-ebits-lmul-vlen-ldins-stins_37
PASS vfadd_vv/test_basic_without_mask/vs1-vs2-ebits-lmul-vlen-ldins-stins_38
PASS vfadd_vv/test_basic_without_mask/vs1-vs2-ebits-lmul-vlen-ldins-stins_39
PASS vfadd_vv/test_basic_without_mask/vs1-vs2-ebits-lmul-vlen-ldins-stins_40
PASS vfadd_vv/test_basic_without_mask/vs1-vs2-ebits-lmul-vlen-ldins-stins_41
PASS vfadd_vv/test_basic_without_mask/vs1-vs2-ebits-lmul-vlen-ldins-stins_42
PASS vfadd_vv/test_basic_without_mask/vs1-vs2-ebits-lmul-vlen-ldins-stins_43
PASS vfadd_vv/test_basic_without_mask/vs1-vs2-ebits-lmul-vlen-ldins-stins_44
PASS vfadd_vv/test_basic_without_mask/vs1-vs2-ebits-lmul-vlen-ldins-stins_45
PASS vfadd_vv/test_basic_without_mask/vs1-vs2-ebits-lmul-vlen-ldins-stins_46
PASS vfadd_vv/test_basic_without_mask/vs1-vs2-ebits-lmul-vlen-ldins-stins_47
PASS vfadd_vv/test_basic_without_mask/vs1-vs2-ebits-lmul-vlen-ldins-stins_48
PASS vfadd_vv/test_basic_without_mask/vs1-vs2-ebits-lmul-vlen-ldins-stins_49
PASS vfadd_vv/test_basic_without_mask/vs1-vs2-ebits-lmul-vlen-ldins-stins_50
PASS vfadd_vv/test_basic_without_mask/vs1-vs2-ebits-lmul-vlen-ldins-stins_51
PASS vfadd_vv/test_basic_without_mask/vs1-vs2-ebits-lmul-vlen-ldins-stins_52
PASS vfadd_vv/test_basic_without_mask/vs1-vs2-ebits-lmul-vlen-ldins-stins_53
PASS vfadd_vv/test_basic_without_mask/vs1-vs2-ebits-lmul-vlen-ldins-stins_54
PASS vfadd_vv/test_basic_without_mask/vs1-vs2-ebits-lmul-vlen-ldins-stins_55
PASS vfadd_vv/test_basic_without_mask/vs1-vs2-ebits-lmul-vlen-ldins-stins_56
PASS vfadd_vv/test_basic_without_mask/vs1-vs2-ebits-lmul-vlen-ldins-stins_57
PASS vfadd_vv/test_basic_without_mask/vs1-vs2-ebits-lmul-vlen-ldins-stins_58
PASS vfadd_vv/test_basic_without_mask/vs1-vs2-ebits-lmul-vlen-ldins-stins_59
PASS vfadd_vv/test_basic_without_mask_regression/vs1-vs2-ebits-lmul-vlen-ldins-stins_0
PASS vfadd_vv/test_basic_without_mask_regression/vs1-vs2-ebits-lmul-vlen-ldins-stins_1
PASS vfadd_vv/test_basic_without_mask_regression/vs1-vs2-ebits-lmul-vlen-ldins-stins_2
PASS vfadd_vv/test_basic_without_mask_regression/vs1-vs2-ebits-lmul-vlen-ldins-stins_3
PASS vfadd_vv/test_basic_without_mask_regression/vs1-vs2-ebits-lmul-vlen-ldins-stins_4
PASS vfadd_vv/test_basic_without_mask_regression/vs1-vs2-ebits-lmul-vlen-ldins-stins_5
PASS vfadd_vv/test_basic_without_mask_regression/vs1-vs2-ebits-lmul-vlen-ldins-stins_6
PASS vfadd_vv/test_basic_without_mask_regression/vs1-vs2-ebits-lmul-vlen-ldins-stins_7
PASS vfadd_vv/test_basic_without_mask_regression/vs1-vs2-ebits-lmul-vlen-ldins-stins_8
PASS vfadd_vv/test_basic_without_mask_regression/vs1-vs2-ebits-lmul-vlen-ldins-stins_9
PASS vfadd_vv/test_basic_without_mask_regression/vs1-vs2-ebits-lmul-vlen-ldins-stins_10
PASS vfadd_vv/test_basic_without_mask_regression/vs1-vs2-ebits-lmul-vlen-ldins-stins_11
PASS vfadd_vv/test_basic_without_mask_regression/vs1-vs2-ebits-lmul-vlen-ldins-stins_12
PASS vfadd_vv/test_basic_without_mask_regression/vs1-vs2-ebits-lmul-vlen-ldins-stins_13
PASS vfadd_vv/test_basic_without_mask_regression/vs1-vs2-ebits-lmul-vlen-ldins-stins_14
PASS vfadd_vv/test_special_without_mask/vs1-vs2-ebits-lmul-vlen-ldins-stins_0
PASS vfadd_vv/test_special_without_mask/vs1-vs2-ebits-lmul-vlen-ldins-stins_1
PASS vfadd_vv/test_special_without_mask/vs1-vs2-ebits-lmul-vlen-ldins-stins_2
PASS vfadd_vv/test_vta_eq_tu_without_mask/vs1-vs2-orig-ebits-lmul-vlen-ldins-stins_0
PASS vfadd_vv/test_vta_eq_tu_without_mask/vs1-vs2-orig-ebits-lmul-vlen-ldins-stins_1
PASS vfadd_vv/test_vta_eq_tu_without_mask/vs1-vs2-orig-ebits-lmul-vlen-ldins-stins_2
PASS vfadd_vv/test_vta_eq_tu_without_mask/vs1-vs2-orig-ebits-lmul-vlen-ldins-stins_3
PASS vfadd_vv/test_vta_eq_tu_without_mask/vs1-vs2-orig-ebits-lmul-vlen-ldins-stins_4
PASS vfadd_vv/test_vta_eq_tu_without_mask/vs1-vs2-orig-ebits-lmul-vlen-ldins-stins_5
PASS vfadd_vv/test_vta_eq_tu_without_mask/vs1-vs2-orig-ebits-lmul-vlen-ldins-stins_6
PASS vfadd_vv/test_vta_eq_tu_without_mask/vs1-vs2-orig-ebits-lmul-vlen-ldins-stins_7
PASS vfadd_vv/test_vta_eq_tu_without_mask/vs1-vs2-orig-ebits-lmul-vlen-ldins-stins_8
PASS vfadd_vv/test_vta_eq_tu_without_mask/vs1-vs2-orig-ebits-lmul-vlen-ldins-stins_9
PASS vfadd_vv/test_vta_eq_tu_without_mask/vs1-vs2-orig-ebits-lmul-vlen-ldins-stins_10
PASS vfadd_vv/test_vta_eq_tu_without_mask/vs1-vs2-orig-ebits-lmul-vlen-ldins-stins_11
PASS vfadd_vv/test_vta_eq_tu_without_mask/vs1-vs2-orig-ebits-lmul-vlen-ldins-stins_12
PASS vfadd_vv/test_vta_eq_tu_without_mask/vs1-vs2-orig-ebits-lmul-vlen-ldins-stins_13
PASS vfadd_vv/test_vta_eq_tu_without_mask/vs1-vs2-orig-ebits-lmul-vlen-ldins-stins_14
PASS vfadd_vv/test_rounding_mode_without_mask/vs1-vs2-ebits-lmul-vlen-ldins-stins-frm_0
PASS vfadd_vv/test_rounding_mode_without_mask/vs1-vs2-ebits-lmul-vlen-ldins-stins-frm_1
PASS vfadd_vv/test_rounding_mode_without_mask/vs1-vs2-ebits-lmul-vlen-ldins-stins-frm_2
PASS vfadd_vv/test_rounding_mode_without_mask/vs1-vs2-ebits-lmul-vlen-ldins-stins-frm_3
PASS vfadd_vv/test_rounding_mode_without_mask/vs1-vs2-ebits-lmul-vlen-ldins-stins-frm_4
PASS vfadd_vv/test_rounding_mode_without_mask/vs1-vs2-ebits-lmul-vlen-ldins-stins-frm_5
PASS vfadd_vv/test_rounding_mode_without_mask/vs1-vs2-ebits-lmul-vlen-ldins-stins-frm_6
PASS vfadd_vv/test_rounding_mode_without_mask/vs1-vs2-ebits-lmul-vlen-ldins-stins-frm_7
PASS vfadd_vv/test_rounding_mode_without_mask/vs1-vs2-ebits-lmul-vlen-ldins-stins-frm_8
PASS vfadd_vv/test_rounding_mode_without_mask/vs1-vs2-ebits-lmul-vlen-ldins-stins-frm_9
PASS vfadd_vv/test_rounding_mode_without_mask/vs1-vs2-ebits-lmul-vlen-ldins-stins-frm_10
PASS vfadd_vv/test_rounding_mode_without_mask/vs1-vs2-ebits-lmul-vlen-ldins-stins-frm_11
PASS vfadd_vv/test_rounding_mode_without_mask/vs1-vs2-ebits-lmul-vlen-ldins-stins-frm_12
PASS vfadd_vv/test_rounding_mode_without_mask/vs1-vs2-ebits-lmul-vlen-ldins-stins-frm_13
PASS vfadd_vv/test_rounding_mode_without_mask/vs1-vs2-ebits-lmul-vlen-ldins-stins-frm_14
PASS vfadd_vv/test_vs1_eq_vs2_without_mask/vs1-ebits-lmul-vlen-ldins-stins-vs1_name-vd_name_0
PASS vfadd_vv/test_vs1_eq_vs2_without_mask/vs1-ebits-lmul-vlen-ldins-stins-vs1_name-vd_name_1
PASS vfadd_vv/test_vs1_eq_vs2_without_mask/vs1-ebits-lmul-vlen-ldins-stins-vs1_name-vd_name_2
PASS vfadd_vv/test_vs1_eq_vs2_without_mask/vs1-ebits-lmul-vlen-ldins-stins-vs1_name-vd_name_3
PASS vfadd_vv/test_vs1_eq_vs2_without_mask/vs1-ebits-lmul-vlen-ldins-stins-vs1_name-vd_name_4
PASS vfadd_vv/test_vs1_eq_vs2_without_mask/vs1-ebits-lmul-vlen-ldins-stins-vs1_name-vd_name_5
PASS vfadd_vv/test_vs1_eq_vs2_without_mask/vs1-ebits-lmul-vlen-ldins-stins-vs1_name-vd_name_6
PASS vfadd_vv/test_vs1_eq_vs2_without_mask/vs1-ebits-lmul-vlen-ldins-stins-vs1_name-vd_name_7
PASS vfadd_vv/test_vs1_eq_vs2_without_mask/vs1-ebits-lmul-vlen-ldins-stins-vs1_name-vd_name_8
PASS vfadd_vv/test_vs1_eq_vs2_without_mask/vs1-ebits-lmul-vlen-ldins-stins-vs1_name-vd_name_9
PASS vfadd_vv/test_vs1_eq_vs2_without_mask/vs1-ebits-lmul-vlen-ldins-stins-vs1_name-vd_name_10
PASS vfadd_vv/test_vs1_eq_vs2_without_mask/vs1-ebits-lmul-vlen-ldins-stins-vs1_name-vd_name_11
PASS vfadd_vv/test_vs1_eq_vs2_without_mask/vs1-ebits-lmul-vlen-ldins-stins-vs1_name-vd_name_12
PASS vfadd_vv/test_vs1_eq_vs2_without_mask/vs1-ebits-lmul-vlen-ldins-stins-vs1_name-vd_name_13
PASS vfadd_vv/test_vs1_eq_vs2_without_mask/vs1-ebits-lmul-vlen-ldins-stins-vs1_name-vd_name_14
PASS vfadd_vv/test_dest_eq_vs1_without_mask/vs1-vs2-ebits-lmul-vlen-ldins-stins-vs1_name-vs2_name_0
PASS vfadd_vv/test_dest_eq_vs1_without_mask/vs1-vs2-ebits-lmul-vlen-ldins-stins-vs1_name-vs2_name_1
PASS vfadd_vv/test_dest_eq_vs1_without_mask/vs1-vs2-ebits-lmul-vlen-ldins-stins-vs1_name-vs2_name_2
PASS vfadd_vv/test_dest_eq_vs1_without_mask/vs1-vs2-ebits-lmul-vlen-ldins-stins-vs1_name-vs2_name_3
PASS vfadd_vv/test_dest_eq_vs1_without_mask/vs1-vs2-ebits-lmul-vlen-ldins-stins-vs1_name-vs2_name_4
PASS vfadd_vv/test_dest_eq_vs1_without_mask/vs1-vs2-ebits-lmul-vlen-ldins-stins-vs1_name-vs2_name_5
PASS vfadd_vv/test_dest_eq_vs1_without_mask/vs1-vs2-ebits-lmul-vlen-ldins-stins-vs1_name-vs2_name_6
PASS vfadd_vv/test_dest_eq_vs1_without_mask/vs1-vs2-ebits-lmul-vlen-ldins-stins-vs1_name-vs2_name_7
PASS vfadd_vv/test_dest_eq_vs1_without_mask/vs1-vs2-ebits-lmul-vlen-ldins-stins-vs1_name-vs2_name_8
PASS vfadd_vv/test_dest_eq_vs1_without_mask/vs1-vs2-ebits-lmul-vlen-ldins-stins-vs1_name-vs2_name_9
PASS vfadd_vv/test_dest_eq_vs1_without_mask/vs1-vs2-ebits-lmul-vlen-ldins-stins-vs1_name-vs2_name_10
PASS vfadd_vv/test_dest_eq_vs1_without_mask/vs1-vs2-ebits-lmul-vlen-ldins-stins-vs1_name-vs2_name_11
PASS vfadd_vv/test_dest_eq_vs1_without_mask/vs1-vs2-ebits-lmul-vlen-ldins-stins-vs1_name-vs2_name_12
PASS vfadd_vv/test_dest_eq_vs1_without_mask/vs1-vs2-ebits-lmul-vlen-ldins-stins-vs1_name-vs2_name_13
PASS vfadd_vv/test_dest_eq_vs1_without_mask/vs1-vs2-ebits-lmul-vlen-ldins-stins-vs1_name-vs2_name_14
PASS vfadd_vv/test_dest_eq_vs2_without_mask/vs1-vs2-ebits-lmul-vlen-ldins-stins-vs1_name-vs2_name_0
PASS vfadd_vv/test_dest_eq_vs2_without_mask/vs1-vs2-ebits-lmul-vlen-ldins-stins-vs1_name-vs2_name_1
PASS vfadd_vv/test_dest_eq_vs2_without_mask/vs1-vs2-ebits-lmul-vlen-ldins-stins-vs1_name-vs2_name_2
PASS vfadd_vv/test_dest_eq_vs2_without_mask/vs1-vs2-ebits-lmul-vlen-ldins-stins-vs1_name-vs2_name_3
PASS vfadd_vv/test_dest_eq_vs2_without_mask/vs1-vs2-ebits-lmul-vlen-ldins-stins-vs1_name-vs2_name_4
PASS vfadd_vv/test_dest_eq_vs2_without_mask/vs1-vs2-ebits-lmul-vlen-ldins-stins-vs1_name-vs2_name_5
PASS vfadd_vv/test_dest_eq_vs2_without_mask/vs1-vs2-ebits-lmul-vlen-ldins-stins-vs1_name-vs2_name_6
PASS vfadd_vv/test_dest_eq_vs2_without_mask/vs1-vs2-ebits-lmul-vlen-ldins-stins-vs1_name-vs2_name_7
PASS vfadd_vv/test_dest_eq_vs2_without_mask/vs1-vs2-ebits-lmul-vlen-ldins-stins-vs1_name-vs2_name_8
PASS vfadd_vv/test_dest_eq_vs2_without_mask/vs1-vs2-ebits-lmul-vlen-ldins-stins-vs1_name-vs2_name_9
PASS vfadd_vv/test_dest_eq_vs2_without_mask/vs1-vs2-ebits-lmul-vlen-ldins-stins-vs1_name-vs2_name_10
PASS vfadd_vv/test_dest_eq_vs2_without_mask/vs1-vs2-ebits-lmul-vlen-ldins-stins-vs1_name-vs2_name_11
PASS vfadd_vv/test_dest_eq_vs2_without_mask/vs1-vs2-ebits-lmul-vlen-ldins-stins-vs1_name-vs2_name_12
PASS vfadd_vv/test_dest_eq_vs2_without_mask/vs1-vs2-ebits-lmul-vlen-ldins-stins-vs1_name-vs2_name_13
PASS vfadd_vv/test_dest_eq_vs2_without_mask/vs1-vs2-ebits-lmul-vlen-ldins-stins-vs1_name-vs2_name_14
PASS vfadd_vv/test_dest_eq_vs1vs2_without_mask/vs1-ebits-lmul-vlen-ldins-stins-vs1_name_0
PASS vfadd_vv/test_dest_eq_vs1vs2_without_mask/vs1-ebits-lmul-vlen-ldins-stins-vs1_name_1
PASS vfadd_vv/test_dest_eq_vs1vs2_without_mask/vs1-ebits-lmul-vlen-ldins-stins-vs1_name_2
PASS vfadd_vv/test_dest_eq_vs1vs2_without_mask/vs1-ebits-lmul-vlen-ldins-stins-vs1_name_3
PASS vfadd_vv/test_dest_eq_vs1vs2_without_mask/vs1-ebits-lmul-vlen-ldins-stins-vs1_name_4
PASS vfadd_vv/test_dest_eq_vs1vs2_without_mask/vs1-ebits-lmul-vlen-ldins-stins-vs1_name_5
PASS vfadd_vv/test_dest_eq_vs1vs2_without_mask/vs1-ebits-lmul-vlen-ldins-stins-vs1_name_6
PASS vfadd_vv/test_dest_eq_vs1vs2_without_mask/vs1-ebits-lmul-vlen-ldins-stins-vs1_name_7
PASS vfadd_vv/test_dest_eq_vs1vs2_without_mask/vs1-ebits-lmul-vlen-ldins-stins-vs1_name_8
PASS vfadd_vv/test_dest_eq_vs1vs2_without_mask/vs1-ebits-lmul-vlen-ldins-stins-vs1_name_9
PASS vfadd_vv/test_dest_eq_vs1vs2_without_mask/vs1-ebits-lmul-vlen-ldins-stins-vs1_name_10
PASS vfadd_vv/test_dest_eq_vs1vs2_without_mask/vs1-ebits-lmul-vlen-ldins-stins-vs1_name_11
PASS vfadd_vv/test_dest_eq_vs1vs2_without_mask/vs1-ebits-lmul-vlen-ldins-stins-vs1_name_12
PASS vfadd_vv/test_dest_eq_vs1vs2_without_mask/vs1-ebits-lmul-vlen-ldins-stins-vs1_name_13
PASS vfadd_vv/test_dest_eq_vs1vs2_without_mask/vs1-ebits-lmul-vlen-ldins-stins-vs1_name_14
PASS vfadd_vv/test_basic_with_mask/vs1-vs2-mask-ebits-lmul-vlen-ldins-stins_0
PASS vfadd_vv/test_basic_with_mask/vs1-vs2-mask-ebits-lmul-vlen-ldins-stins_1
PASS vfadd_vv/test_basic_with_mask/vs1-vs2-mask-ebits-lmul-vlen-ldins-stins_2
PASS vfadd_vv/test_basic_with_mask/vs1-vs2-mask-ebits-lmul-vlen-ldins-stins_3
PASS vfadd_vv/test_basic_with_mask/vs1-vs2-mask-ebits-lmul-vlen-ldins-stins_4
PASS vfadd_vv/test_basic_with_mask/vs1-vs2-mask-ebits-lmul-vlen-ldins-stins_5
PASS vfadd_vv/test_basic_with_mask/vs1-vs2-mask-ebits-lmul-vlen-ldins-stins_6
PASS vfadd_vv/test_basic_with_mask/vs1-vs2-mask-ebits-lmul-vlen-ldins-stins_7
PASS vfadd_vv/test_basic_with_mask/vs1-vs2-mask-ebits-lmul-vlen-ldins-stins_8
PASS vfadd_vv/test_basic_with_mask/vs1-vs2-mask-ebits-lmul-vlen-ldins-stins_9
PASS vfadd_vv/test_basic_with_mask/vs1-vs2-mask-ebits-lmul-vlen-ldins-stins_10
PASS vfadd_vv/test_basic_with_mask/vs1-vs2-mask-ebits-lmul-vlen-ldins-stins_11
PASS vfadd_vv/test_basic_with_mask/vs1-vs2-mask-ebits-lmul-vlen-ldins-stins_12
PASS vfadd_vv/test_basic_with_mask/vs1-vs2-mask-ebits-lmul-vlen-ldins-stins_13
PASS vfadd_vv/test_basic_with_mask/vs1-vs2-mask-ebits-lmul-vlen-ldins-stins_14
PASS vfadd_vv/test_basic_with_mask_mu/vs1-vs2-orig-mask-ebits-lmul-vlen-ldins-stins_0
PASS vfadd_vv/test_basic_with_mask_mu/vs1-vs2-orig-mask-ebits-lmul-vlen-ldins-stins_1
PASS vfadd_vv/test_basic_with_mask_mu/vs1-vs2-orig-mask-ebits-lmul-vlen-ldins-stins_2
PASS vfadd_vv/test_basic_with_mask_mu/vs1-vs2-orig-mask-ebits-lmul-vlen-ldins-stins_3
PASS vfadd_vv/test_basic_with_mask_mu/vs1-vs2-orig-mask-ebits-lmul-vlen-ldins-stins_4
PASS vfadd_vv/test_basic_with_mask_mu/vs1-vs2-orig-mask-ebits-lmul-vlen-ldins-stins_5
PASS vfadd_vv/test_basic_with_mask_mu/vs1-vs2-orig-mask-ebits-lmul-vlen-ldins-stins_6
PASS vfadd_vv/test_basic_with_mask_mu/vs1-vs2-orig-mask-ebits-lmul-vlen-ldins-stins_7
PASS vfadd_vv/test_basic_with_mask_mu/vs1-vs2-orig-mask-ebits-lmul-vlen-ldins-stins_8
PASS vfadd_vv/test_basic_with_mask_mu/vs1-vs2-orig-mask-ebits-lmul-vlen-ldins-stins_9
PASS vfadd_vv/test_basic_with_mask_mu/vs1-vs2-orig-mask-ebits-lmul-vlen-ldins-stins_10
PASS vfadd_vv/test_basic_with_mask_mu/vs1-vs2-orig-mask-ebits-lmul-vlen-ldins-stins_11
PASS vfadd_vv/test_basic_with_mask_mu/vs1-vs2-orig-mask-ebits-lmul-vlen-ldins-stins_12
PASS vfadd_vv/test_basic_with_mask_mu/vs1-vs2-orig-mask-ebits-lmul-vlen-ldins-stins_13
PASS vfadd_vv/test_basic_with_mask_mu/vs1-vs2-orig-mask-ebits-lmul-vlen-ldins-stins_14
PASS vfadd_vv/test_vstart_not_eq_zero_without_mask/vs1-vs2-orig-ebits-lmul-vlen-ldins-stins-vstart_0
PASS vfadd_vv/test_vstart_not_eq_zero_without_mask/vs1-vs2-orig-ebits-lmul-vlen-ldins-stins-vstart_1
PASS vfadd_vv/test_vstart_not_eq_zero_without_mask/vs1-vs2-orig-ebits-lmul-vlen-ldins-stins-vstart_2
PASS vfadd_vv/test_vstart_not_eq_zero_without_mask/vs1-vs2-orig-ebits-lmul-vlen-ldins-stins-vstart_3
PASS vfadd_vv/test_vstart_not_eq_zero_without_mask/vs1-vs2-orig-ebits-lmul-vlen-ldins-stins-vstart_4
PASS vfadd_vv/test_vstart_not_eq_zero_without_mask/vs1-vs2-orig-ebits-lmul-vlen-ldins-stins-vstart_5
PASS vfadd_vv/test_vstart_not_eq_zero_without_mask/vs1-vs2-orig-ebits-lmul-vlen-ldins-stins-vstart_6
PASS vfadd_vv/test_vstart_not_eq_zero_without_mask/vs1-vs2-orig-ebits-lmul-vlen-ldins-stins-vstart_7
PASS vfadd_vv/test_vstart_not_eq_zero_without_mask/vs1-vs2-orig-ebits-lmul-vlen-ldins-stins-vstart_8
PASS vfadd_vv/test_vstart_not_eq_zero_without_mask/vs1-vs2-orig-ebits-lmul-vlen-ldins-stins-vstart_9
PASS vfadd_vv/test_vstart_not_eq_zero_without_mask/vs1-vs2-orig-ebits-lmul-vlen-ldins-stins-vstart_10
PASS vfadd_vv/test_vstart_not_eq_zero_without_mask/vs1-vs2-orig-ebits-lmul-vlen-ldins-stins-vstart_11
PASS vfadd_vv/test_vstart_not_eq_zero_without_mask/vs1-vs2-orig-ebits-lmul-vlen-ldins-stins-vstart_12
PASS vfadd_vv/test_vstart_not_eq_zero_without_mask/vs1-vs2-orig-ebits-lmul-vlen-ldins-stins-vstart_13
PASS vfadd_vv/test_vstart_not_eq_zero_without_mask/vs1-vs2-orig-ebits-lmul-vlen-ldins-stins-vstart_14
PASS vfadd_vv/test_vstart_not_eq_zero_with_mask/vs1-vs2-orig-mask-ebits-lmul-vlen-ldins-stins-vstart_0
PASS vfadd_vv/test_vstart_not_eq_zero_with_mask/vs1-vs2-orig-mask-ebits-lmul-vlen-ldins-stins-vstart_1
PASS vfadd_vv/test_vstart_not_eq_zero_with_mask/vs1-vs2-orig-mask-ebits-lmul-vlen-ldins-stins-vstart_2
PASS vfadd_vv/test_vstart_not_eq_zero_with_mask/vs1-vs2-orig-mask-ebits-lmul-vlen-ldins-stins-vstart_3
PASS vfadd_vv/test_vstart_not_eq_zero_with_mask/vs1-vs2-orig-mask-ebits-lmul-vlen-ldins-stins-vstart_4
PASS vfadd_vv/test_vstart_not_eq_zero_with_mask/vs1-vs2-orig-mask-ebits-lmul-vlen-ldins-stins-vstart_5
PASS vfadd_vv/test_vstart_not_eq_zero_with_mask/vs1-vs2-orig-mask-ebits-lmul-vlen-ldins-stins-vstart_6
PASS vfadd_vv/test_vstart_not_eq_zero_with_mask/vs1-vs2-orig-mask-ebits-lmul-vlen-ldins-stins-vstart_7
PASS vfadd_vv/test_vstart_not_eq_zero_with_mask/vs1-vs2-orig-mask-ebits-lmul-vlen-ldins-stins-vstart_8
PASS vfadd_vv/test_vstart_not_eq_zero_with_mask/vs1-vs2-orig-mask-ebits-lmul-vlen-ldins-stins-vstart_9
PASS vfadd_vv/test_vstart_not_eq_zero_with_mask/vs1-vs2-orig-mask-ebits-lmul-vlen-ldins-stins-vstart_10
PASS vfadd_vv/test_vstart_not_eq_zero_with_mask/vs1-vs2-orig-mask-ebits-lmul-vlen-ldins-stins-vstart_11
PASS vfadd_vv/test_vstart_not_eq_zero_with_mask/vs1-vs2-orig-mask-ebits-lmul-vlen-ldins-stins-vstart_12
PASS vfadd_vv/test_vstart_not_eq_zero_with_mask/vs1-vs2-orig-mask-ebits-lmul-vlen-ldins-stins-vstart_13
PASS vfadd_vv/test_vstart_not_eq_zero_with_mask/vs1-vs2-orig-mask-ebits-lmul-vlen-ldins-stins-vstart_14
PASS vfadd_vv/test_exception_wrong_sew_without_mask/sew-lmul-vlen_0
PASS vfadd_vv/test_exception_wrong_sew_without_mask/sew-lmul-vlen_1
PASS vfadd_vv/test_exception_wrong_sew_without_mask/sew-lmul-vlen_2
PASS vfadd_vv/test_exception_wrong_sew_without_mask/sew-lmul-vlen_3
PASS vfadd_vv/test_exception_wrong_sew_without_mask/sew-lmul-vlen_4
PASS vfadd_vv/test_exception_wrong_sew_without_mask/sew-lmul-vlen_5
PASS vfadd_vv/test_exception_wrong_sew_without_mask/sew-lmul-vlen_6
PASS vfadd_vv/test_exception_wrong_sew_without_mask/sew-lmul-vlen_7
PASS vfadd_vv/test_exception_wrong_sew_without_mask/sew-lmul-vlen_8
PASS vfadd_vv/test_exception_wrong_sew_without_mask/sew-lmul-vlen_9
PASS vfadd_vv/test_exception_wrong_sew_without_mask/sew-lmul-vlen_10
PASS vfadd_vv/test_exception_wrong_sew_without_mask/sew-lmul-vlen_11
PASS vfadd_vv/test_exception_wrong_sew_without_mask/sew-lmul-vlen_12
PASS vfadd_vv/test_exception_wrong_sew_without_mask/sew-lmul-vlen_13
PASS vfadd_vv/test_exception_wrong_sew_without_mask/sew-lmul-vlen_14
PASS vfadd_vv/test_exception_lmul_vreg_no_without_mask/ebits-lmul-vlen-vs1_name-vs2_name-vd_name_0
PASS vfadd_vv/test_exception_lmul_vreg_no_without_mask/ebits-lmul-vlen-vs1_name-vs2_name-vd_name_1
PASS vfadd_vv/test_exception_lmul_vreg_no_without_mask/ebits-lmul-vlen-vs1_name-vs2_name-vd_name_2
PASS vfadd_vv/test_exception_lmul_vreg_no_without_mask/ebits-lmul-vlen-vs1_name-vs2_name-vd_name_3
PASS vfadd_vv/test_exception_lmul_vreg_no_without_mask/ebits-lmul-vlen-vs1_name-vs2_name-vd_name_4
PASS vfadd_vv/test_exception_lmul_vreg_no_without_mask/ebits-lmul-vlen-vs1_name-vs2_name-vd_name_5
PASS vfadd_vv/test_exception_lmul_vreg_no_without_mask/ebits-lmul-vlen-vs1_name-vs2_name-vd_name_6
PASS vfadd_vv/test_exception_lmul_vreg_no_without_mask/ebits-lmul-vlen-vs1_name-vs2_name-vd_name_7
PASS vfadd_vv/test_exception_lmul_vreg_no_without_mask/ebits-lmul-vlen-vs1_name-vs2_name-vd_name_8
