vfadd_vv/test_basic_without_mask/vs1-vs2-ebits-lmul-vlen-ldins-stins_0
vfadd_vv/test_basic_without_mask/vs1-vs2-ebits-lmul-vlen-ldins-stins_1
vfadd_vv/test_basic_without_mask/vs1-vs2-ebits-lmul-vlen-ldins-stins_2
vfadd_vv/test_basic_without_mask/vs1-vs2-ebits-lmul-vlen-ldins-stins_3
vfadd_vv/test_basic_without_mask/vs1-vs2-ebits-lmul-vlen-ldins-stins_4
vfadd_vv/test_basic_without_mask/vs1-vs2-ebits-lmul-vlen-ldins-stins_5
vfadd_vv/test_basic_without_mask/vs1-vs2-ebits-lmul-vlen-ldins-stins_6
vfadd_vv/test_basic_without_mask/vs1-vs2-ebits-lmul-vlen-ldins-stins_7
vfadd_vv/test_basic_without_mask/vs1-vs2-ebits-lmul-vlen-ldins-stins_8
vfadd_vv/test_basic_without_mask/vs1-vs2-ebits-lmul-vlen-ldins-stins_9
vfadd_vv/test_basic_without_mask/vs1-vs2-ebits-lmul-vlen-ldins-stins_10
vfadd_vv/test_basic_without_mask/vs1-vs2-ebits-lmul-vlen-ldins-stins_11
vfadd_vv/test_basic_without_mask/vs1-vs2-ebits-lmul-vlen-ldins-stins_12
vfadd_vv/test_basic_without_mask/vs1-vs2-ebits-lmul-vlen-ldins-stins_13
vfadd_vv/test_basic_without_mask/vs1-vs2-ebits-lmul-vlen-ldins-stins_14
vfadd_vv/test_basic_without_mask/vs1-vs2-ebits-lmul-vlen-ldins-stins_15
vfadd_vv/test_basic_without_mask/vs1-vs2-ebits-lmul-vlen-ldins-stins_16
vfadd_vv/test_basic_without_mask/vs1-vs2-ebits-lmul-vlen-ldins-stins_17
vfadd_vv/test_basic_without_mask/vs1-vs2-ebits-lmul-vlen-ldins-stins_18
vfadd_vv/test_basic_without_mask/vs1-vs2-ebits-lmul-vlen-ldins-stins_19
vfadd_vv/test_basic_without_mask/vs1-vs2-ebits-lmul-vlen-ldins-stins_20
vfadd_vv/test_basic_without_mask/vs1-vs2-ebits-lmul-vlen-ldins-stins_21
vfadd_vv/test_basic_without_mask/vs1-vs2-ebits-lmul-vlen-ldins-stins_22
vfadd_vv/test_basic_without_mask/vs1-vs2-ebits-lmul-vlen-ldins-stins_23
vfadd_vv/test_basic_without_mask/vs1-vs2-ebits-lmul-vlen-ldins-stins_24
vfadd_vv/test_basic_without_mask/vs1-vs2-ebits-lmul-vlen-ldins-stins_25
vfadd_vv/test_basic_without_mask/vs1-vs2-ebits-lmul-vlen-ldins-stins_26
vfadd_vv/test_basic_without_mask/vs1-vs2-ebits-lmul-vlen-ldins-stins_27
vfadd_vv/test_basic_without_mask/vs1-vs2-ebits-lmul-vlen-ldins-stins_28
vfadd_vv/test_basic_without_mask/vs1-vs2-ebits-lmul-vlen-ldins-stins_29
vfadd_vv/test_basic_without_mask/vs1-vs2-ebits-lmul-vlen-ldins-stins_30
vfadd_vv/test_basic_without_mask/vs1-vs2-ebits-lmul-vlen-ldins-stins_31
vfadd_vv/test_basic_without_mask/vs1-vs2-ebits-lmul-vlen-ldins-stins_32
vfadd_vv/test_basic_without_mask/vs1-vs2-ebits-lmul-vlen-ldins-stins_33
vfadd_vv/test_basic_without_mask/vs1-vs2-ebits-lmul-vlen-ldins-stins_34
vfadd_vv/test_basic_without_mask/vs1-vs2-ebits-lmul-vlen-ldins-stins_35
vfadd_vv/test_basic_without_mask/vs1-vs2-ebits-lmul-vlen-ldins-stins_36
vfadd_vv/test_basic_without_mask/vs1-vs2-ebits-lmul-vlen-ldins-stins_37
vfadd_vv/test_basic_without_mask/vs1-vs2-ebits-lmul-vlen-ldins-stins_38
vfadd_vv/test_basic_without_mask/vs1-vs2-ebits-lmul-vlen-ldins-stins_39
vfadd_vv/test_basic_without_mask/vs1-vs2-ebits-lmul-vlen-ldins-stins_40
vfadd_vv/test_basic_without_mask/vs1-vs2-ebits-lmul-vlen-ldins-stins_41
vfadd_vv/test_basic_without_mask/vs1-vs2-ebits-lmul-vlen-ldins-stins_42
vfadd_vv/test_basic_without_mask/vs1-vs2-ebits-lmul-vlen-ldins-stins_43
vfadd_vv/test_basic_without_mask/vs1-vs2-ebits-lmul-vlen-ldins-stins_44
vfadd_vv/test_basic_without_mask/vs1-vs2-ebits-lmul-vlen-ldins-stins_45
vfadd_vv/test_basic_without_mask/vs1-vs2-ebits-lmul-vlen-ldins-stins_46
vfadd_vv/test_basic_without_mask/vs1-vs2-ebits-lmul-vlen-ldins-stins_47
vfadd_vv/test_basic_without_mask/vs1-vs2-ebits-lmul-vlen-ldins-stins_48
vfadd_vv/test_basic_without_mask/vs1-vs2-ebits-lmul-vlen-ldins-stins_49
vfadd_vv/test_basic_without_mask/vs1-vs2-ebits-lmul-vlen-ldins-stins_50
vfadd_vv/test_basic_without_mask/vs1-vs2-ebits-lmul-vlen-ldins-stins_51
vfadd_vv/test_basic_without_mask/vs1-vs2-ebits-lmul-vlen-ldins-stins_52
vfadd_vv/test_basic_without_mask/vs1-vs2-ebits-lmul-vlen-ldins-stins_53
vfadd_vv/test_basic_without_mask/vs1-vs2-ebits-lmul-vlen-ldins-stins_54
vfadd_vv/test_basic_without_mask/vs1-vs2-ebits-lmul-vlen-ldins-stins_55
vfadd_vv/test_basic_without_mask/vs1-vs2-ebits-lmul-vlen-ldins-stins_56
vfadd_vv/test_basic_without_mask/vs1-vs2-ebits-lmul-vlen-ldins-stins_57
vfadd_vv/test_basic_without_mask/vs1-vs2-ebits-lmul-vlen-ldins-stins_58
vfadd_vv/test_basic_without_mask/vs1-vs2-ebits-lmul-vlen-ldins-stins_59
vfadd_vv/test_basic_without_mask_regression/vs1-vs2-ebits-lmul-vlen-ldins-stins_0
vfadd_vv/test_basic_without_mask_regression/vs1-vs2-ebits-lmul-vlen-ldins-stins_1
vfadd_vv/test_basic_without_mask_regression/vs1-vs2-ebits-lmul-vlen-ldins-stins_2
vfadd_vv/test_basic_without_mask_regression/vs1-vs2-ebits-lmul-vlen-ldins-stins_3
vfadd_vv/test_basic_without_mask_regression/vs1-vs2-ebits-lmul-vlen-ldins-stins_4
vfadd_vv/test_basic_without_mask_regression/vs1-vs2-ebits-lmul-vlen-ldins-stins_5
vfadd_vv/test_basic_without_mask_regression/vs1-vs2-ebits-lmul-vlen-ldins-stins_6
vfadd_vv/test_basic_without_mask_regression/vs1-vs2-ebits-lmul-vlen-ldins-stins_7
vfadd_vv/test_basic_without_mask_regression/vs1-vs2-ebits-lmul-vlen-ldins-stins_8
vfadd_vv/test_basic_without_mask_regression/vs1-vs2-ebits-lmul-vlen-ldins-stins_9
vfadd_vv/test_basic_without_mask_regression/vs1-vs2-ebits-lmul-vlen-ldins-stins_10
vfadd_vv/test_basic_without_mask_regression/vs1-vs2-ebits-lmul-vlen-ldins-stins_11
vfadd_vv/test_basic_without_mask_regression/vs1-vs2-ebits-lmul-vlen-ldins-stins_12
vfadd_vv/test_basic_without_mask_regression/vs1-vs2-ebits-lmul-vlen-ldins-stins_13
vfadd_vv/test_basic_without_mask_regression/vs1-vs2-ebits-lmul-vlen-ldins-stins_14
vfadd_vv/test_special_without_mask/vs1-vs2-ebits-lmul-vlen-ldins-stins_0
vfadd_vv/test_special_without_mask/vs1-vs2-ebits-lmul-vlen-ldins-stins_1
vfadd_vv/test_special_without_mask/vs1-vs2-ebits-lmul-vlen-ldins-stins_2
vfadd_vv/test_vta_eq_tu_without_mask/vs1-vs2-orig-ebits-lmul-vlen-ldins-stins_0
vfadd_vv/test_vta_eq_tu_without_mask/vs1-vs2-orig-ebits-lmul-vlen-ldins-stins_1
vfadd_vv/test_vta_eq_tu_without_mask/vs1-vs2-orig-ebits-lmul-vlen-ldins-stins_2
vfadd_vv/test_vta_eq_tu_without_mask/vs1-vs2-orig-ebits-lmul-vlen-ldins-stins_3
vfadd_vv/test_vta_eq_tu_without_mask/vs1-vs2-orig-ebits-lmul-vlen-ldins-stins_4
vfadd_vv/test_vta_eq_tu_without_mask/vs1-vs2-orig-ebits-lmul-vlen-ldins-stins_5
vfadd_vv/test_vta_eq_tu_without_mask/vs1-vs2-orig-ebits-lmul-vlen-ldins-stins_6
vfadd_vv/test_vta_eq_tu_without_mask/vs1-vs2-orig-ebits-lmul-vlen-ldins-stins_7
vfadd_vv/test_vta_eq_tu_without_mask/vs1-vs2-orig-ebits-lmul-vlen-ldins-stins_8
vfadd_vv/test_vta_eq_tu_without_mask/vs1-vs2-orig-ebits-lmul-vlen-ldins-stins_9
vfadd_vv/test_vta_eq_tu_without_mask/vs1-vs2-orig-ebits-lmul-vlen-ldins-stins_10
vfadd_vv/test_vta_eq_tu_without_mask/vs1-vs2-orig-ebits-lmul-vlen-ldins-stins_11
vfadd_vv/test_vta_eq_tu_without_mask/vs1-vs2-orig-ebits-lmul-vlen-ldins-stins_12
vfadd_vv/test_vta_eq_tu_without_mask/vs1-vs2-orig-ebits-lmul-vlen-ldins-stins_13
vfadd_vv/test_vta_eq_tu_without_mask/vs1-vs2-orig-ebits-lmul-vlen-ldins-stins_14
vfadd_vv/test_rounding_mode_without_mask/vs1-vs2-ebits-lmul-vlen-ldins-stins-frm_0
vfadd_vv/test_rounding_mode_without_mask/vs1-vs2-ebits-lmul-vlen-ldins-stins-frm_1
vfadd_vv/test_rounding_mode_without_mask/vs1-vs2-ebits-lmul-vlen-ldins-stins-frm_2
vfadd_vv/test_rounding_mode_without_mask/vs1-vs2-ebits-lmul-vlen-ldins-stins-frm_3
vfadd_vv/test_rounding_mode_without_mask/vs1-vs2-ebits-lmul-vlen-ldins-stins-frm_4
vfadd_vv/test_rounding_mode_without_mask/vs1-vs2-ebits-lmul-vlen-ldins-stins-frm_5
vfadd_vv/test_rounding_mode_without_mask/vs1-vs2-ebits-lmul-vlen-ldins-stins-frm_6
vfadd_vv/test_rounding_mode_without_mask/vs1-vs2-ebits-lmul-vlen-ldins-stins-frm_7
vfadd_vv/test_rounding_mode_without_mask/vs1-vs2-ebits-lmul-vlen-ldins-stins-frm_8
vfadd_vv/test_rounding_mode_without_mask/vs1-vs2-ebits-lmul-vlen-ldins-stins-frm_9
vfadd_vv/test_rounding_mode_without_mask/vs1-vs2-ebits-lmul-vlen-ldins-stins-frm_10
vfadd_vv/test_rounding_mode_without_mask/vs1-vs2-ebits-lmul-vlen-ldins-stins-frm_11
vfadd_vv/test_rounding_mode_without_mask/vs1-vs2-ebits-lmul-vlen-ldins-stins-frm_12
vfadd_vv/test_rounding_mode_without_mask/vs1-vs2-ebits-lmul-vlen-ldins-stins-frm_13
vfadd_vv/test_rounding_mode_without_mask/vs1-vs2-ebits-lmul-vlen-ldins-stins-frm_14
vfadd_vv/test_vs1_eq_vs2_without_mask/vs1-ebits-lmul-vlen-ldins-stins-vs1_name-vd_name_0
vfadd_vv/test_vs1_eq_vs2_without_mask/vs1-ebits-lmul-vlen-ldins-stins-vs1_name-vd_name_1
vfadd_vv/test_vs1_eq_vs2_without_mask/vs1-ebits-lmul-vlen-ldins-stins-vs1_name-vd_name_2
vfadd_vv/test_vs1_eq_vs2_without_mask/vs1-ebits-lmul-vlen-ldins-stins-vs1_name-vd_name_3
vfadd_vv/test_vs1_eq_vs2_without_mask/vs1-ebits-lmul-vlen-ldins-stins-vs1_name-vd_name_4
vfadd_vv/test_vs1_eq_vs2_without_mask/vs1-ebits-lmul-vlen-ldins-stins-vs1_name-vd_name_5
vfadd_vv/test_vs1_eq_vs2_without_mask/vs1-ebits-lmul-vlen-ldins-stins-vs1_name-vd_name_6
vfadd_vv/test_vs1_eq_vs2_without_mask/vs1-ebits-lmul-vlen-ldins-stins-vs1_name-vd_name_7
vfadd_vv/test_vs1_eq_vs2_without_mask/vs1-ebits-lmul-vlen-ldins-stins-vs1_name-vd_name_8
vfadd_vv/test_vs1_eq_vs2_without_mask/vs1-ebits-lmul-vlen-ldins-stins-vs1_name-vd_name_9
vfadd_vv/test_vs1_eq_vs2_without_mask/vs1-ebits-lmul-vlen-ldins-stins-vs1_name-vd_name_10
vfadd_vv/test_vs1_eq_vs2_without_mask/vs1-ebits-lmul-vlen-ldins-stins-vs1_name-vd_name_11
vfadd_vv/test_vs1_eq_vs2_without_mask/vs1-ebits-lmul-vlen-ldins-stins-vs1_name-vd_name_12
vfadd_vv/test_vs1_eq_vs2_without_mask/vs1-ebits-lmul-vlen-ldins-stins-vs1_name-vd_name_13
vfadd_vv/test_vs1_eq_vs2_without_mask/vs1-ebits-lmul-vlen-ldins-stins-vs1_name-vd_name_14
vfadd_vv/test_dest_eq_vs1_without_mask/vs1-vs2-ebits-lmul-vlen-ldins-stins-vs1_name-vs2_name_0
vfadd_vv/test_dest_eq_vs1_without_mask/vs1-vs2-ebits-lmul-vlen-ldins-stins-vs1_name-vs2_name_1
vfadd_vv/test_dest_eq_vs1_without_mask/vs1-vs2-ebits-lmul-vlen-ldins-stins-vs1_name-vs2_name_2
vfadd_vv/test_dest_eq_vs1_without_mask/vs1-vs2-ebits-lmul-vlen-ldins-stins-vs1_name-vs2_name_3
vfadd_vv/test_dest_eq_vs1_without_mask/vs1-vs2-ebits-lmul-vlen-ldins-stins-vs1_name-vs2_name_4
vfadd_vv/test_dest_eq_vs1_without_mask/vs1-vs2-ebits-lmul-vlen-ldins-stins-vs1_name-vs2_name_5
vfadd_vv/test_dest_eq_vs1_without_mask/vs1-vs2-ebits-lmul-vlen-ldins-stins-vs1_name-vs2_name_6
vfadd_vv/test_dest_eq_vs1_without_mask/vs1-vs2-ebits-lmul-vlen-ldins-stins-vs1_name-vs2_name_7
vfadd_vv/test_dest_eq_vs1_without_mask/vs1-vs2-ebits-lmul-vlen-ldins-stins-vs1_name-vs2_name_8
vfadd_vv/test_dest_eq_vs1_without_mask/vs1-vs2-ebits-lmul-vlen-ldins-stins-vs1_name-vs2_name_9
vfadd_vv/test_dest_eq_vs1_without_mask/vs1-vs2-ebits-lmul-vlen-ldins-stins-vs1_name-vs2_name_10
vfadd_vv/test_dest_eq_vs1_without_mask/vs1-vs2-ebits-lmul-vlen-ldins-stins-vs1_name-vs2_name_11
vfadd_vv/test_dest_eq_vs1_without_mask/vs1-vs2-ebits-lmul-vlen-ldins-stins-vs1_name-vs2_name_12
vfadd_vv/test_dest_eq_vs1_without_mask/vs1-vs2-ebits-lmul-vlen-ldins-stins-vs1_name-vs2_name_13
vfadd_vv/test_dest_eq_vs1_without_mask/vs1-vs2-ebits-lmul-vlen-ldins-stins-vs1_name-vs2_name_14
vfadd_vv/test_dest_eq_vs2_without_mask/vs1-vs2-ebits-lmul-vlen-ldins-stins-vs1_name-vs2_name_0
vfadd_vv/test_dest_eq_vs2_without_mask/vs1-vs2-ebits-lmul-vlen-ldins-stins-vs1_name-vs2_name_1
vfadd_vv/test_dest_eq_vs2_without_mask/vs1-vs2-ebits-lmul-vlen-ldins-stins-vs1_name-vs2_name_2
vfadd_vv/test_dest_eq_vs2_without_mask/vs1-vs2-ebits-lmul-vlen-ldins-stins-vs1_name-vs2_name_3
vfadd_vv/test_dest_eq_vs2_without_mask/vs1-vs2-ebits-lmul-vlen-ldins-stins-vs1_name-vs2_name_4
vfadd_vv/test_dest_eq_vs2_without_mask/vs1-vs2-ebits-lmul-vlen-ldins-stins-vs1_name-vs2_name_5
vfadd_vv/test_dest_eq_vs2_without_mask/vs1-vs2-ebits-lmul-vlen-ldins-stins-vs1_name-vs2_name_6
vfadd_vv/test_dest_eq_vs2_without_mask/vs1-vs2-ebits-lmul-vlen-ldins-stins-vs1_name-vs2_name_7
vfadd_vv/test_dest_eq_vs2_without_mask/vs1-vs2-ebits-lmul-vlen-ldins-stins-vs1_name-vs2_name_8
vfadd_vv/test_dest_eq_vs2_without_mask/vs1-vs2-ebits-lmul-vlen-ldins-stins-vs1_name-vs2_name_9
vfadd_vv/test_dest_eq_vs2_without_mask/vs1-vs2-ebits-lmul-vlen-ldins-stins-vs1_name-vs2_name_10
vfadd_vv/test_dest_eq_vs2_without_mask/vs1-vs2-ebits-lmul-vlen-ldins-stins-vs1_name-vs2_name_11
vfadd_vv/test_dest_eq_vs2_without_mask/vs1-vs2-ebits-lmul-vlen-ldins-stins-vs1_name-vs2_name_12
vfadd_vv/test_dest_eq_vs2_without_mask/vs1-vs2-ebits-lmul-vlen-ldins-stins-vs1_name-vs2_name_13
vfadd_vv/test_dest_eq_vs2_without_mask/vs1-vs2-ebits-lmul-vlen-ldins-stins-vs1_name-vs2_name_14
vfadd_vv/test_dest_eq_vs1vs2_without_mask/vs1-ebits-lmul-vlen-ldins-stins-vs1_name_0
vfadd_vv/test_dest_eq_vs1vs2_without_mask/vs1-ebits-lmul-vlen-ldins-stins-vs1_name_1
vfadd_vv/test_dest_eq_vs1vs2_without_mask/vs1-ebits-lmul-vlen-ldins-stins-vs1_name_2
vfadd_vv/test_dest_eq_vs1vs2_without_mask/vs1-ebits-lmul-vlen-ldins-stins-vs1_name_3
vfadd_vv/test_dest_eq_vs1vs2_without_mask/vs1-ebits-lmul-vlen-ldins-stins-vs1_name_4
vfadd_vv/test_dest_eq_vs1vs2_without_mask/vs1-ebits-lmul-vlen-ldins-stins-vs1_name_5
vfadd_vv/test_dest_eq_vs1vs2_without_mask/vs1-ebits-lmul-vlen-ldins-stins-vs1_name_6
vfadd_vv/test_dest_eq_vs1vs2_without_mask/vs1-ebits-lmul-vlen-ldins-stins-vs1_name_7
vfadd_vv/test_dest_eq_vs1vs2_without_mask/vs1-ebits-lmul-vlen-ldins-stins-vs1_name_8
vfadd_vv/test_dest_eq_vs1vs2_without_mask/vs1-ebits-lmul-vlen-ldins-stins-vs1_name_9
vfadd_vv/test_dest_eq_vs1vs2_without_mask/vs1-ebits-lmul-vlen-ldins-stins-vs1_name_10
vfadd_vv/test_dest_eq_vs1vs2_without_mask/vs1-ebits-lmul-vlen-ldins-stins-vs1_name_11
vfadd_vv/test_dest_eq_vs1vs2_without_mask/vs1-ebits-lmul-vlen-ldins-stins-vs1_name_12
vfadd_vv/test_dest_eq_vs1vs2_without_mask/vs1-ebits-lmul-vlen-ldins-stins-vs1_name_13
vfadd_vv/test_dest_eq_vs1vs2_without_mask/vs1-ebits-lmul-vlen-ldins-stins-vs1_name_14
vfadd_vv/test_basic_with_mask/vs1-vs2-mask-ebits-lmul-vlen-ldins-stins_0
vfadd_vv/test_basic_with_mask/vs1-vs2-mask-ebits-lmul-vlen-ldins-stins_1
vfadd_vv/test_basic_with_mask/vs1-vs2-mask-ebits-lmul-vlen-ldins-stins_2
vfadd_vv/test_basic_with_mask/vs1-vs2-mask-ebits-lmul-vlen-ldins-stins_3
vfadd_vv/test_basic_with_mask/vs1-vs2-mask-ebits-lmul-vlen-ldins-stins_4
vfadd_vv/test_basic_with_mask/vs1-vs2-mask-ebits-lmul-vlen-ldins-stins_5
vfadd_vv/test_basic_with_mask/vs1-vs2-mask-ebits-lmul-vlen-ldins-stins_6
vfadd_vv/test_basic_with_mask/vs1-vs2-mask-ebits-lmul-vlen-ldins-stins_7
vfadd_vv/test_basic_with_mask/vs1-vs2-mask-ebits-lmul-vlen-ldins-stins_8
vfadd_vv/test_basic_with_mask/vs1-vs2-mask-ebits-lmul-vlen-ldins-stins_9
vfadd_vv/test_basic_with_mask/vs1-vs2-mask-ebits-lmul-vlen-ldins-stins_10
vfadd_vv/test_basic_with_mask/vs1-vs2-mask-ebits-lmul-vlen-ldins-stins_11
vfadd_vv/test_basic_with_mask/vs1-vs2-mask-ebits-lmul-vlen-ldins-stins_12
vfadd_vv/test_basic_with_mask/vs1-vs2-mask-ebits-lmul-vlen-ldins-stins_13
vfadd_vv/test_basic_with_mask/vs1-vs2-mask-ebits-lmul-vlen-ldins-stins_14
vfadd_vv/test_basic_with_mask_mu/vs1-vs2-orig-mask-ebits-lmul-vlen-ldins-stins_0
vfadd_vv/test_basic_with_mask_mu/vs1-vs2-orig-mask-ebits-lmul-vlen-ldins-stins_1
vfadd_vv/test_basic_with_mask_mu/vs1-vs2-orig-mask-ebits-lmul-vlen-ldins-stins_2
vfadd_vv/test_basic_with_mask_mu/vs1-vs2-orig-mask-ebits-lmul-vlen-ldins-stins_3
vfadd_vv/test_basic_with_mask_mu/vs1-vs2-orig-mask-ebits-lmul-vlen-ldins-stins_4
vfadd_vv/test_basic_with_mask_mu/vs1-vs2-orig-mask-ebits-lmul-vlen-ldins-stins_5
vfadd_vv/test_basic_with_mask_mu/vs1-vs2-orig-mask-ebits-lmul-vlen-ldins-stins_6
vfadd_vv/test_basic_with_mask_mu/vs1-vs2-orig-mask-ebits-lmul-vlen-ldins-stins_7
vfadd_vv/test_basic_with_mask_mu/vs1-vs2-orig-mask-ebits-lmul-vlen-ldins-stins_8
vfadd_vv/test_basic_with_mask_mu/vs1-vs2-orig-mask-ebits-lmul-vlen-ldins-stins_9
vfadd_vv/test_basic_with_mask_mu/vs1-vs2-orig-mask-ebits-lmul-vlen-ldins-stins_10
vfadd_vv/test_basic_with_mask_mu/vs1-vs2-orig-mask-ebits-lmul-vlen-ldins-stins_11
vfadd_vv/test_basic_with_mask_mu/vs1-vs2-orig-mask-ebits-lmul-vlen-ldins-stins_12
vfadd_vv/test_basic_with_mask_mu/vs1-vs2-orig-mask-ebits-lmul-vlen-ldins-stins_13
vfadd_vv/test_basic_with_mask_mu/vs1-vs2-orig-mask-ebits-lmul-vlen-ldins-stins_14
vfadd_vv/test_vstart_not_eq_zero_without_mask/vs1-vs2-orig-ebits-lmul-vlen-ldins-stins-vstart_0
vfadd_vv/test_vstart_not_eq_zero_without_mask/vs1-vs2-orig-ebits-lmul-vlen-ldins-stins-vstart_1
vfadd_vv/test_vstart_not_eq_zero_without_mask/vs1-vs2-orig-ebits-lmul-vlen-ldins-stins-vstart_2
vfadd_vv/test_vstart_not_eq_zero_without_mask/vs1-vs2-orig-ebits-lmul-vlen-ldins-stins-vstart_3
vfadd_vv/test_vstart_not_eq_zero_without_mask/vs1-vs2-orig-ebits-lmul-vlen-ldins-stins-vstart_4
vfadd_vv/test_vstart_not_eq_zero_without_mask/vs1-vs2-orig-ebits-lmul-vlen-ldins-stins-vstart_5
vfadd_vv/test_vstart_not_eq_zero_without_mask/vs1-vs2-orig-ebits-lmul-vlen-ldins-stins-vstart_6
vfadd_vv/test_vstart_not_eq_zero_without_mask/vs1-vs2-orig-ebits-lmul-vlen-ldins-stins-vstart_7
vfadd_vv/test_vstart_not_eq_zero_without_mask/vs1-vs2-orig-ebits-lmul-vlen-ldins-stins-vstart_8
vfadd_vv/test_vstart_not_eq_zero_without_mask/vs1-vs2-orig-ebits-lmul-vlen-ldins-stins-vstart_9
vfadd_vv/test_vstart_not_eq_zero_without_mask/vs1-vs2-orig-ebits-lmul-vlen-ldins-stins-vstart_10
vfadd_vv/test_vstart_not_eq_zero_without_mask/vs1-vs2-orig-ebits-lmul-vlen-ldins-stins-vstart_11
vfadd_vv/test_vstart_not_eq_zero_without_mask/vs1-vs2-orig-ebits-lmul-vlen-ldins-stins-vstart_12
vfadd_vv/test_vstart_not_eq_zero_without_mask/vs1-vs2-orig-ebits-lmul-vlen-ldins-stins-vstart_13
vfadd_vv/test_vstart_not_eq_zero_without_mask/vs1-vs2-orig-ebits-lmul-vlen-ldins-stins-vstart_14
vfadd_vv/test_vstart_not_eq_zero_with_mask/vs1-vs2-orig-mask-ebits-lmul-vlen-ldins-stins-vstart_0
vfadd_vv/test_vstart_not_eq_zero_with_mask/vs1-vs2-orig-mask-ebits-lmul-vlen-ldins-stins-vstart_1
vfadd_vv/test_vstart_not_eq_zero_with_mask/vs1-vs2-orig-mask-ebits-lmul-vlen-ldins-stins-vstart_2
vfadd_vv/test_vstart_not_eq_zero_with_mask/vs1-vs2-orig-mask-ebits-lmul-vlen-ldins-stins-vstart_3
vfadd_vv/test_vstart_not_eq_zero_with_mask/vs1-vs2-orig-mask-ebits-lmul-vlen-ldins-stins-vstart_4
vfadd_vv/test_vstart_not_eq_zero_with_mask/vs1-vs2-orig-mask-ebits-lmul-vlen-ldins-stins-vstart_5
vfadd_vv/test_vstart_not_eq_zero_with_mask/vs1-vs2-orig-mask-ebits-lmul-vlen-ldins-stins-vstart_6
vfadd_vv/test_vstart_not_eq_zero_with_mask/vs1-vs2-orig-mask-ebits-lmul-vlen-ldins-stins-vstart_7
vfadd_vv/test_vstart_not_eq_zero_with_mask/vs1-vs2-orig-mask-ebits-lmul-vlen-ldins-stins-vstart_8
vfadd_vv/test_vstart_not_eq_zero_with_mask/vs1-vs2-orig-mask-ebits-lmul-vlen-ldins-stins-vstart_9
vfadd_vv/test_vstart_not_eq_zero_with_mask/vs1-vs2-orig-mask-ebits-lmul-vlen-ldins-stins-vstart_10
vfadd_vv/test_vstart_not_eq_zero_with_mask/vs1-vs2-orig-mask-ebits-lmul-vlen-ldins-stins-vstart_11
vfadd_vv/test_vstart_not_eq_zero_with_mask/vs1-vs2-orig-mask-ebits-lmul-vlen-ldins-stins-vstart_12
vfadd_vv/test_vstart_not_eq_zero_with_mask/vs1-vs2-orig-mask-ebits-lmul-vlen-ldins-stins-vstart_13
vfadd_vv/test_vstart_not_eq_zero_with_mask/vs1-vs2-orig-mask-ebits-lmul-vlen-ldins-stins-vstart_14
vfadd_vv/test_exception_wrong_sew_without_mask/sew-lmul-vlen_0
vfadd_vv/test_exception_wrong_sew_without_mask/sew-lmul-vlen_1
vfadd_vv/test_exception_wrong_sew_without_mask/sew-lmul-vlen_2
vfadd_vv/test_exception_wrong_sew_without_mask/sew-lmul-vlen_3
vfadd_vv/test_exception_wrong_sew_without_mask/sew-lmul-vlen_4
vfadd_vv/test_exception_wrong_sew_without_mask/sew-lmul-vlen_5
vfadd_vv/test_exception_wrong_sew_without_mask/sew-lmul-vlen_6
vfadd_vv/test_exception_wrong_sew_without_mask/sew-lmul-vlen_7
vfadd_vv/test_exception_wrong_sew_without_mask/sew-lmul-vlen_8
vfadd_vv/test_exception_wrong_sew_without_mask/sew-lmul-vlen_9
vfadd_vv/test_exception_wrong_sew_without_mask/sew-lmul-vlen_10
vfadd_vv/test_exception_wrong_sew_without_mask/sew-lmul-vlen_11
vfadd_vv/test_exception_wrong_sew_without_mask/sew-lmul-vlen_12
vfadd_vv/test_exception_wrong_sew_without_mask/sew-lmul-vlen_13
vfadd_vv/test_exception_wrong_sew_without_mask/sew-lmul-vlen_14
vfadd_vv/test_exception_lmul_vreg_no_without_mask/ebits-lmul-vlen-vs1_name-vs2_name-vd_name_0
vfadd_vv/test_exception_lmul_vreg_no_without_mask/ebits-lmul-vlen-vs1_name-vs2_name-vd_name_1
vfadd_vv/test_exception_lmul_vreg_no_without_mask/ebits-lmul-vlen-vs1_name-vs2_name-vd_name_2
vfadd_vv/test_exception_lmul_vreg_no_without_mask/ebits-lmul-vlen-vs1_name-vs2_name-vd_name_3
vfadd_vv/test_exception_lmul_vreg_no_without_mask/ebits-lmul-vlen-vs1_name-vs2_name-vd_name_4
vfadd_vv/test_exception_lmul_vreg_no_without_mask/ebits-lmul-vlen-vs1_name-vs2_name-vd_name_5
vfadd_vv/test_exception_lmul_vreg_no_without_mask/ebits-lmul-vlen-vs1_name-vs2_name-vd_name_6
vfadd_vv/test_exception_lmul_vreg_no_without_mask/ebits-lmul-vlen-vs1_name-vs2_name-vd_name_7
vfadd_vv/test_exception_lmul_vreg_no_without_mask/ebits-lmul-vlen-vs1_name-vs2_name-vd_name_8
